C:\USERS\NILESH\DOCUMENTS\VISUAL STUDIO 2010\PROJECTS\DATAST\DEBUG\STL_CPP.EXE
C:\USERS\NILESH\DOCUMENTS\VISUAL STUDIO 2010\PROJECTS\DATAST\DEBUG\STL_CPP.ILK
C:\USERS\NILESH\DOCUMENTS\VISUAL STUDIO 2010\PROJECTS\DATAST\DEBUG\STL_CPP.PDB
c:\Users\nilesh\documents\visual studio 2010\Projects\DataSt\STL_CPP\Debug\cl.command.1.tlog
c:\Users\nilesh\documents\visual studio 2010\Projects\DataSt\STL_CPP\Debug\CL.read.1.tlog
c:\Users\nilesh\documents\visual studio 2010\Projects\DataSt\STL_CPP\Debug\CL.write.1.tlog
c:\Users\nilesh\documents\visual studio 2010\Projects\DataSt\STL_CPP\Debug\link.11276.read.1.tlog
c:\Users\nilesh\documents\visual studio 2010\Projects\DataSt\STL_CPP\Debug\link.11276.write.1.tlog
c:\Users\nilesh\documents\visual studio 2010\Projects\DataSt\STL_CPP\Debug\link.11276-cvtres.read.1.tlog
c:\Users\nilesh\documents\visual studio 2010\Projects\DataSt\STL_CPP\Debug\link.11276-cvtres.write.1.tlog
c:\Users\nilesh\documents\visual studio 2010\Projects\DataSt\STL_CPP\Debug\link.12088.read.1.tlog
c:\Users\nilesh\documents\visual studio 2010\Projects\DataSt\STL_CPP\Debug\link.12088.write.1.tlog
c:\Users\nilesh\documents\visual studio 2010\Projects\DataSt\STL_CPP\Debug\link.12088-cvtres.read.1.tlog
c:\Users\nilesh\documents\visual studio 2010\Projects\DataSt\STL_CPP\Debug\link.12088-cvtres.write.1.tlog
c:\Users\nilesh\documents\visual studio 2010\Projects\DataSt\STL_CPP\Debug\link.12156.read.1.tlog
c:\Users\nilesh\documents\visual studio 2010\Projects\DataSt\STL_CPP\Debug\link.12156.write.1.tlog
c:\Users\nilesh\documents\visual studio 2010\Projects\DataSt\STL_CPP\Debug\link.12156-cvtres.read.1.tlog
c:\Users\nilesh\documents\visual studio 2010\Projects\DataSt\STL_CPP\Debug\link.12156-cvtres.write.1.tlog
c:\Users\nilesh\documents\visual studio 2010\Projects\DataSt\STL_CPP\Debug\link.4540.read.1.tlog
c:\Users\nilesh\documents\visual studio 2010\Projects\DataSt\STL_CPP\Debug\link.4540.write.1.tlog
c:\Users\nilesh\documents\visual studio 2010\Projects\DataSt\STL_CPP\Debug\link.4540-cvtres.read.1.tlog
c:\Users\nilesh\documents\visual studio 2010\Projects\DataSt\STL_CPP\Debug\link.4540-cvtres.write.1.tlog
c:\Users\nilesh\documents\visual studio 2010\Projects\DataSt\STL_CPP\Debug\link.5828.read.1.tlog
c:\Users\nilesh\documents\visual studio 2010\Projects\DataSt\STL_CPP\Debug\link.5828.write.1.tlog
c:\Users\nilesh\documents\visual studio 2010\Projects\DataSt\STL_CPP\Debug\link.5828-cvtres.read.1.tlog
c:\Users\nilesh\documents\visual studio 2010\Projects\DataSt\STL_CPP\Debug\link.5828-cvtres.write.1.tlog
c:\Users\nilesh\documents\visual studio 2010\Projects\DataSt\STL_CPP\Debug\link.6812.read.1.tlog
c:\Users\nilesh\documents\visual studio 2010\Projects\DataSt\STL_CPP\Debug\link.6812.write.1.tlog
c:\Users\nilesh\documents\visual studio 2010\Projects\DataSt\STL_CPP\Debug\link.6812-cvtres.read.1.tlog
c:\Users\nilesh\documents\visual studio 2010\Projects\DataSt\STL_CPP\Debug\link.6812-cvtres.write.1.tlog
c:\Users\nilesh\documents\visual studio 2010\Projects\DataSt\STL_CPP\Debug\link.9376.read.1.tlog
c:\Users\nilesh\documents\visual studio 2010\Projects\DataSt\STL_CPP\Debug\link.9376.write.1.tlog
c:\Users\nilesh\documents\visual studio 2010\Projects\DataSt\STL_CPP\Debug\link.9376-cvtres.read.1.tlog
c:\Users\nilesh\documents\visual studio 2010\Projects\DataSt\STL_CPP\Debug\link.9376-cvtres.write.1.tlog
c:\Users\nilesh\documents\visual studio 2010\Projects\DataSt\STL_CPP\Debug\link.command.1.tlog
c:\Users\nilesh\documents\visual studio 2010\Projects\DataSt\STL_CPP\Debug\link.read.1.tlog
c:\Users\nilesh\documents\visual studio 2010\Projects\DataSt\STL_CPP\Debug\link.write.1.tlog
c:\Users\nilesh\documents\visual studio 2010\Projects\DataSt\STL_CPP\Debug\link-cvtres.read.1.tlog
c:\Users\nilesh\documents\visual studio 2010\Projects\DataSt\STL_CPP\Debug\link-cvtres.write.1.tlog
C:\USERS\NILESH\DOCUMENTS\VISUAL STUDIO 2010\PROJECTS\DATAST\STL_CPP\DEBUG\LIST.OBJ
C:\USERS\NILESH\DOCUMENTS\VISUAL STUDIO 2010\PROJECTS\DATAST\STL_CPP\DEBUG\MAP.OBJ
c:\Users\nilesh\documents\visual studio 2010\Projects\DataSt\STL_CPP\Debug\mt.command.1.tlog
c:\Users\nilesh\documents\visual studio 2010\Projects\DataSt\STL_CPP\Debug\mt.read.1.tlog
c:\Users\nilesh\documents\visual studio 2010\Projects\DataSt\STL_CPP\Debug\mt.write.1.tlog
c:\Users\nilesh\documents\visual studio 2010\Projects\DataSt\STL_CPP\Debug\rc.command.1.tlog
c:\Users\nilesh\documents\visual studio 2010\Projects\DataSt\STL_CPP\Debug\rc.read.1.tlog
c:\Users\nilesh\documents\visual studio 2010\Projects\DataSt\STL_CPP\Debug\rc.write.1.tlog
C:\USERS\NILESH\DOCUMENTS\VISUAL STUDIO 2010\PROJECTS\DATAST\STL_CPP\DEBUG\STDAFX.OBJ
C:\USERS\NILESH\DOCUMENTS\VISUAL STUDIO 2010\PROJECTS\DATAST\STL_CPP\DEBUG\STL_CPP.EXE.EMBED.MANIFEST
C:\USERS\NILESH\DOCUMENTS\VISUAL STUDIO 2010\PROJECTS\DATAST\STL_CPP\DEBUG\STL_CPP.EXE.EMBED.MANIFEST.RES
C:\USERS\NILESH\DOCUMENTS\VISUAL STUDIO 2010\PROJECTS\DATAST\STL_CPP\DEBUG\STL_CPP.EXE.INTERMEDIATE.MANIFEST
C:\USERS\NILESH\DOCUMENTS\VISUAL STUDIO 2010\PROJECTS\DATAST\STL_CPP\DEBUG\STL_CPP.OBJ
C:\USERS\NILESH\DOCUMENTS\VISUAL STUDIO 2010\PROJECTS\DATAST\STL_CPP\DEBUG\STL_CPP.PCH
c:\Users\nilesh\documents\visual studio 2010\Projects\DataSt\STL_CPP\Debug\STL_CPP.vcxprojResolveAssemblyReference.cache
c:\Users\nilesh\documents\visual studio 2010\Projects\DataSt\STL_CPP\Debug\STL_CPP.write.1.tlog
c:\Users\nilesh\documents\visual studio 2010\Projects\DataSt\STL_CPP\Debug\STL_CPP_manifest.rc
c:\Users\nilesh\documents\visual studio 2010\Projects\DataSt\STL_CPP\Debug\vc100.idb
C:\USERS\NILESH\DOCUMENTS\VISUAL STUDIO 2010\PROJECTS\DATAST\STL_CPP\DEBUG\VC100.PDB
