Build started 10/12/2017 5:33:35 PM.
     1>Project "C:\Users\nilesh\Documents\Visual Studio 2010\Projects\DataSt\STL_CPP\STL_CPP.vcxproj" on node 2 (build target(s)).
     1>InitializeBuildStatus:
         Creating "Debug\STL_CPP.unsuccessfulbuild" because "AlwaysCreate" was specified.
       ClCompile:
         All outputs are up-to-date.
         c:\Program Files (x86)\Microsoft Visual Studio 10.0\VC\bin\CL.exe /c /ZI /nologo /W3 /WX- /Od /Oy- /D WIN32 /D _DEBUG /D _CONSOLE /D _UNICODE /D UNICODE /Gm /EHsc /RTC1 /MDd /GS /fp:precise /Zc:wchar_t /Zc:forScope /Yu"StdAfx.h" /Fp"Debug\STL_CPP.pch" /Fo"Debug\\" /Fd"Debug\vc100.pdb" /Gd /TP /analyze- /errorReport:prompt Map.cpp
         Map.cpp
       ManifestResourceCompile:
         All outputs are up-to-date.
       Link:
         c:\Program Files (x86)\Microsoft Visual Studio 10.0\VC\bin\link.exe /ERRORREPORT:PROMPT /OUT:"C:\Users\nilesh\Documents\Visual Studio 2010\Projects\DataSt\Debug\STL_CPP.exe" /INCREMENTAL /NOLOGO kernel32.lib user32.lib gdi32.lib winspool.lib comdlg32.lib advapi32.lib shell32.lib ole32.lib oleaut32.lib uuid.lib odbc32.lib odbccp32.lib /MANIFEST /ManifestFile:"Debug\STL_CPP.exe.intermediate.manifest" /MANIFESTUAC:"level='asInvoker' uiAccess='false'" /DEBUG /PDB:"C:\Users\nilesh\Documents\Visual Studio 2010\Projects\DataSt\Debug\STL_CPP.pdb" /SUBSYSTEM:CONSOLE /TLBID:1 /DYNAMICBASE /NXCOMPAT /IMPLIB:"C:\Users\nilesh\Documents\Visual Studio 2010\Projects\DataSt\Debug\STL_CPP.lib" /MACHINE:X86 Debug\STL_CPP.exe.embed.manifest.res
         Debug\List.obj
         Debug\stdafx.obj
         Debug\Map.obj
         Debug\vector.obj
       Manifest:
         C:\Program Files (x86)\Microsoft SDKs\Windows\v7.0A\bin\mt.exe /nologo /verbose /out:"Debug\STL_CPP.exe.embed.manifest" /manifest Debug\STL_CPP.exe.intermediate.manifest
         All outputs are up-to-date.
       LinkEmbedManifest:
         All outputs are up-to-date.
         STL_CPP.vcxproj -> C:\Users\nilesh\Documents\Visual Studio 2010\Projects\DataSt\Debug\STL_CPP.exe
       FinalizeBuildStatus:
         Deleting file "Debug\STL_CPP.unsuccessfulbuild".
         Touching "Debug\STL_CPP.lastbuildstate".
     1>Done Building Project "C:\Users\nilesh\Documents\Visual Studio 2010\Projects\DataSt\STL_CPP\STL_CPP.vcxproj" (build target(s)).

Build succeeded.

Time Elapsed 00:00:19.13
