C:\USERS\NILESH\DOCUMENTS\VISUAL STUDIO 2010\PROJECTS\ISLAND\DEBUG\HEAP_SORT.EXE
C:\USERS\NILESH\DOCUMENTS\VISUAL STUDIO 2010\PROJECTS\ISLAND\DEBUG\HEAP_SORT.ILK
C:\USERS\NILESH\DOCUMENTS\VISUAL STUDIO 2010\PROJECTS\ISLAND\DEBUG\HEAP_SORT.PDB
C:\Users\nilesh\Documents\Visual Studio 2010\Projects\IsLand\Heap_Sort\Debug\cl.command.1.tlog
C:\Users\nilesh\Documents\Visual Studio 2010\Projects\IsLand\Heap_Sort\Debug\CL.read.1.tlog
C:\Users\nilesh\Documents\Visual Studio 2010\Projects\IsLand\Heap_Sort\Debug\CL.write.1.tlog
C:\USERS\NILESH\DOCUMENTS\VISUAL STUDIO 2010\PROJECTS\ISLAND\HEAP_SORT\DEBUG\HEAP_SORT.EXE.EMBED.MANIFEST
C:\USERS\NILESH\DOCUMENTS\VISUAL STUDIO 2010\PROJECTS\ISLAND\HEAP_SORT\DEBUG\HEAP_SORT.EXE.EMBED.MANIFEST.RES
C:\USERS\NILESH\DOCUMENTS\VISUAL STUDIO 2010\PROJECTS\ISLAND\HEAP_SORT\DEBUG\HEAP_SORT.EXE.INTERMEDIATE.MANIFEST
C:\USERS\NILESH\DOCUMENTS\VISUAL STUDIO 2010\PROJECTS\ISLAND\HEAP_SORT\DEBUG\HEAP_SORT.OBJ
C:\USERS\NILESH\DOCUMENTS\VISUAL STUDIO 2010\PROJECTS\ISLAND\HEAP_SORT\DEBUG\HEAP_SORT.PCH
C:\Users\nilesh\Documents\Visual Studio 2010\Projects\IsLand\Heap_Sort\Debug\Heap_Sort.vcxprojResolveAssemblyReference.cache
C:\Users\nilesh\Documents\Visual Studio 2010\Projects\IsLand\Heap_Sort\Debug\Heap_Sort.write.1.tlog
C:\Users\nilesh\Documents\Visual Studio 2010\Projects\IsLand\Heap_Sort\Debug\Heap_Sort_manifest.rc
C:\Users\nilesh\Documents\Visual Studio 2010\Projects\IsLand\Heap_Sort\Debug\link.5668.read.1.tlog
C:\Users\nilesh\Documents\Visual Studio 2010\Projects\IsLand\Heap_Sort\Debug\link.5668.write.1.tlog
C:\Users\nilesh\Documents\Visual Studio 2010\Projects\IsLand\Heap_Sort\Debug\link.5668-cvtres.read.1.tlog
C:\Users\nilesh\Documents\Visual Studio 2010\Projects\IsLand\Heap_Sort\Debug\link.5668-cvtres.write.1.tlog
C:\Users\nilesh\Documents\Visual Studio 2010\Projects\IsLand\Heap_Sort\Debug\link.command.1.tlog
C:\Users\nilesh\Documents\Visual Studio 2010\Projects\IsLand\Heap_Sort\Debug\link.read.1.tlog
C:\Users\nilesh\Documents\Visual Studio 2010\Projects\IsLand\Heap_Sort\Debug\link.write.1.tlog
C:\Users\nilesh\Documents\Visual Studio 2010\Projects\IsLand\Heap_Sort\Debug\link-cvtres.read.1.tlog
C:\Users\nilesh\Documents\Visual Studio 2010\Projects\IsLand\Heap_Sort\Debug\link-cvtres.write.1.tlog
C:\Users\nilesh\Documents\Visual Studio 2010\Projects\IsLand\Heap_Sort\Debug\mt.command.1.tlog
C:\Users\nilesh\Documents\Visual Studio 2010\Projects\IsLand\Heap_Sort\Debug\mt.read.1.tlog
C:\Users\nilesh\Documents\Visual Studio 2010\Projects\IsLand\Heap_Sort\Debug\mt.write.1.tlog
C:\Users\nilesh\Documents\Visual Studio 2010\Projects\IsLand\Heap_Sort\Debug\rc.command.1.tlog
C:\Users\nilesh\Documents\Visual Studio 2010\Projects\IsLand\Heap_Sort\Debug\rc.read.1.tlog
C:\Users\nilesh\Documents\Visual Studio 2010\Projects\IsLand\Heap_Sort\Debug\rc.write.1.tlog
C:\USERS\NILESH\DOCUMENTS\VISUAL STUDIO 2010\PROJECTS\ISLAND\HEAP_SORT\DEBUG\STDAFX.OBJ
C:\Users\nilesh\Documents\Visual Studio 2010\Projects\IsLand\Heap_Sort\Debug\vc100.idb
C:\USERS\NILESH\DOCUMENTS\VISUAL STUDIO 2010\PROJECTS\ISLAND\HEAP_SORT\DEBUG\VC100.PDB
