C:\USERS\NILESH\DOCUMENTS\VISUAL STUDIO 2010\PROJECTS\ISLAND\DEBUG\SYNCSHOPPING.EXE
C:\USERS\NILESH\DOCUMENTS\VISUAL STUDIO 2010\PROJECTS\ISLAND\DEBUG\SYNCSHOPPING.ILK
C:\USERS\NILESH\DOCUMENTS\VISUAL STUDIO 2010\PROJECTS\ISLAND\DEBUG\SYNCSHOPPING.PDB
C:\Users\nilesh\Documents\Visual Studio 2010\Projects\IsLand\SyncShopping\Debug\cl.command.1.tlog
C:\Users\nilesh\Documents\Visual Studio 2010\Projects\IsLand\SyncShopping\Debug\CL.read.1.tlog
C:\Users\nilesh\Documents\Visual Studio 2010\Projects\IsLand\SyncShopping\Debug\CL.write.1.tlog
C:\Users\nilesh\Documents\Visual Studio 2010\Projects\IsLand\SyncShopping\Debug\link.1360.read.1.tlog
C:\Users\nilesh\Documents\Visual Studio 2010\Projects\IsLand\SyncShopping\Debug\link.1360.write.1.tlog
C:\Users\nilesh\Documents\Visual Studio 2010\Projects\IsLand\SyncShopping\Debug\link.1360-cvtres.read.1.tlog
C:\Users\nilesh\Documents\Visual Studio 2010\Projects\IsLand\SyncShopping\Debug\link.1360-cvtres.write.1.tlog
C:\Users\nilesh\Documents\Visual Studio 2010\Projects\IsLand\SyncShopping\Debug\link.command.1.tlog
C:\Users\nilesh\Documents\Visual Studio 2010\Projects\IsLand\SyncShopping\Debug\link.read.1.tlog
C:\Users\nilesh\Documents\Visual Studio 2010\Projects\IsLand\SyncShopping\Debug\link.write.1.tlog
C:\Users\nilesh\Documents\Visual Studio 2010\Projects\IsLand\SyncShopping\Debug\link-cvtres.read.1.tlog
C:\Users\nilesh\Documents\Visual Studio 2010\Projects\IsLand\SyncShopping\Debug\link-cvtres.write.1.tlog
C:\Users\nilesh\Documents\Visual Studio 2010\Projects\IsLand\SyncShopping\Debug\mt.command.1.tlog
C:\Users\nilesh\Documents\Visual Studio 2010\Projects\IsLand\SyncShopping\Debug\mt.read.1.tlog
C:\Users\nilesh\Documents\Visual Studio 2010\Projects\IsLand\SyncShopping\Debug\mt.write.1.tlog
C:\Users\nilesh\Documents\Visual Studio 2010\Projects\IsLand\SyncShopping\Debug\rc.command.1.tlog
C:\Users\nilesh\Documents\Visual Studio 2010\Projects\IsLand\SyncShopping\Debug\rc.read.1.tlog
C:\Users\nilesh\Documents\Visual Studio 2010\Projects\IsLand\SyncShopping\Debug\rc.write.1.tlog
C:\USERS\NILESH\DOCUMENTS\VISUAL STUDIO 2010\PROJECTS\ISLAND\SYNCSHOPPING\DEBUG\STDAFX.OBJ
C:\USERS\NILESH\DOCUMENTS\VISUAL STUDIO 2010\PROJECTS\ISLAND\SYNCSHOPPING\DEBUG\SYNCSHOPPING.EXE.EMBED.MANIFEST
C:\USERS\NILESH\DOCUMENTS\VISUAL STUDIO 2010\PROJECTS\ISLAND\SYNCSHOPPING\DEBUG\SYNCSHOPPING.EXE.EMBED.MANIFEST.RES
C:\USERS\NILESH\DOCUMENTS\VISUAL STUDIO 2010\PROJECTS\ISLAND\SYNCSHOPPING\DEBUG\SYNCSHOPPING.EXE.INTERMEDIATE.MANIFEST
C:\USERS\NILESH\DOCUMENTS\VISUAL STUDIO 2010\PROJECTS\ISLAND\SYNCSHOPPING\DEBUG\SYNCSHOPPING.OBJ
C:\USERS\NILESH\DOCUMENTS\VISUAL STUDIO 2010\PROJECTS\ISLAND\SYNCSHOPPING\DEBUG\SYNCSHOPPING.PCH
C:\Users\nilesh\Documents\Visual Studio 2010\Projects\IsLand\SyncShopping\Debug\SyncShopping.vcxprojResolveAssemblyReference.cache
C:\Users\nilesh\Documents\Visual Studio 2010\Projects\IsLand\SyncShopping\Debug\SyncShopping.write.1.tlog
C:\Users\nilesh\Documents\Visual Studio 2010\Projects\IsLand\SyncShopping\Debug\SyncShopping_manifest.rc
C:\Users\nilesh\Documents\Visual Studio 2010\Projects\IsLand\SyncShopping\Debug\vc100.idb
C:\USERS\NILESH\DOCUMENTS\VISUAL STUDIO 2010\PROJECTS\ISLAND\SYNCSHOPPING\DEBUG\VC100.PDB
