C:\Users\nilesh\Documents\Visual Studio 2010\Projects\IsLand\combination_R_len\Debug\cl.command.1.tlog
C:\Users\nilesh\Documents\Visual Studio 2010\Projects\IsLand\combination_R_len\Debug\CL.read.1.tlog
C:\Users\nilesh\Documents\Visual Studio 2010\Projects\IsLand\combination_R_len\Debug\CL.write.1.tlog
C:\USERS\NILESH\DOCUMENTS\VISUAL STUDIO 2010\PROJECTS\ISLAND\COMBINATION_R_LEN\DEBUG\COMBINATION_R_LEN.EXE.EMBED.MANIFEST
C:\USERS\NILESH\DOCUMENTS\VISUAL STUDIO 2010\PROJECTS\ISLAND\COMBINATION_R_LEN\DEBUG\COMBINATION_R_LEN.EXE.EMBED.MANIFEST.RES
C:\USERS\NILESH\DOCUMENTS\VISUAL STUDIO 2010\PROJECTS\ISLAND\COMBINATION_R_LEN\DEBUG\COMBINATION_R_LEN.EXE.INTERMEDIATE.MANIFEST
C:\USERS\NILESH\DOCUMENTS\VISUAL STUDIO 2010\PROJECTS\ISLAND\COMBINATION_R_LEN\DEBUG\COMBINATION_R_LEN.OBJ
C:\USERS\NILESH\DOCUMENTS\VISUAL STUDIO 2010\PROJECTS\ISLAND\COMBINATION_R_LEN\DEBUG\COMBINATION_R_LEN.PCH
C:\Users\nilesh\Documents\Visual Studio 2010\Projects\IsLand\combination_R_len\Debug\combination_R_len.write.1.tlog
C:\Users\nilesh\Documents\Visual Studio 2010\Projects\IsLand\combination_R_len\Debug\combination_R_len_manifest.rc
C:\Users\nilesh\Documents\Visual Studio 2010\Projects\IsLand\combination_R_len\Debug\link.10052.read.1.tlog
C:\Users\nilesh\Documents\Visual Studio 2010\Projects\IsLand\combination_R_len\Debug\link.10052.write.1.tlog
C:\Users\nilesh\Documents\Visual Studio 2010\Projects\IsLand\combination_R_len\Debug\link.10052-cvtres.read.1.tlog
C:\Users\nilesh\Documents\Visual Studio 2010\Projects\IsLand\combination_R_len\Debug\link.10052-cvtres.write.1.tlog
C:\Users\nilesh\Documents\Visual Studio 2010\Projects\IsLand\combination_R_len\Debug\link.command.1.tlog
C:\Users\nilesh\Documents\Visual Studio 2010\Projects\IsLand\combination_R_len\Debug\link.read.1.tlog
C:\Users\nilesh\Documents\Visual Studio 2010\Projects\IsLand\combination_R_len\Debug\link.write.1.tlog
C:\Users\nilesh\Documents\Visual Studio 2010\Projects\IsLand\combination_R_len\Debug\link-cvtres.read.1.tlog
C:\Users\nilesh\Documents\Visual Studio 2010\Projects\IsLand\combination_R_len\Debug\link-cvtres.write.1.tlog
C:\Users\nilesh\Documents\Visual Studio 2010\Projects\IsLand\combination_R_len\Debug\mt.command.1.tlog
C:\Users\nilesh\Documents\Visual Studio 2010\Projects\IsLand\combination_R_len\Debug\mt.read.1.tlog
C:\Users\nilesh\Documents\Visual Studio 2010\Projects\IsLand\combination_R_len\Debug\mt.write.1.tlog
C:\Users\nilesh\Documents\Visual Studio 2010\Projects\IsLand\combination_R_len\Debug\rc.command.1.tlog
C:\Users\nilesh\Documents\Visual Studio 2010\Projects\IsLand\combination_R_len\Debug\rc.read.1.tlog
C:\Users\nilesh\Documents\Visual Studio 2010\Projects\IsLand\combination_R_len\Debug\rc.write.1.tlog
C:\USERS\NILESH\DOCUMENTS\VISUAL STUDIO 2010\PROJECTS\ISLAND\COMBINATION_R_LEN\DEBUG\STDAFX.OBJ
C:\Users\nilesh\Documents\Visual Studio 2010\Projects\IsLand\combination_R_len\Debug\vc100.idb
C:\USERS\NILESH\DOCUMENTS\VISUAL STUDIO 2010\PROJECTS\ISLAND\COMBINATION_R_LEN\DEBUG\VC100.PDB
C:\USERS\NILESH\DOCUMENTS\VISUAL STUDIO 2010\PROJECTS\ISLAND\DEBUG\COMBINATION_R_LEN.EXE
C:\USERS\NILESH\DOCUMENTS\VISUAL STUDIO 2010\PROJECTS\ISLAND\DEBUG\COMBINATION_R_LEN.ILK
C:\USERS\NILESH\DOCUMENTS\VISUAL STUDIO 2010\PROJECTS\ISLAND\DEBUG\COMBINATION_R_LEN.PDB
