Build started 5/5/2016 10:27:52 PM.
     1>Project "C:\Users\nilesh\Documents\Visual Studio 2010\Projects\IsLand\Lucky_List\Lucky_List.vcxproj" on node 2 (build target(s)).
     1>InitializeBuildStatus:
         Creating "Debug\Lucky_List.unsuccessfulbuild" because "AlwaysCreate" was specified.
       ClCompile:
         All outputs are up-to-date.
         c:\Program Files (x86)\Microsoft Visual Studio 10.0\VC\bin\CL.exe /c /ZI /nologo /W3 /WX- /Od /Oy- /D WIN32 /D _DEBUG /D _CONSOLE /D _UNICODE /D UNICODE /Gm /EHsc /RTC1 /MDd /GS /fp:precise /Zc:wchar_t /Zc:forScope /Yu"StdAfx.h" /Fp"Debug\Lucky_List.pch" /Fo"Debug\\" /Fd"Debug\vc100.pdb" /Gd /TP /analyze- /errorReport:prompt Lucky_List.cpp
         Lucky_List.cpp
       ManifestResourceCompile:
         All outputs are up-to-date.
       Link:
         c:\Program Files (x86)\Microsoft Visual Studio 10.0\VC\bin\link.exe /ERRORREPORT:PROMPT /OUT:"C:\Users\nilesh\Documents\Visual Studio 2010\Projects\IsLand\Debug\Lucky_List.exe" /INCREMENTAL /NOLOGO kernel32.lib user32.lib gdi32.lib winspool.lib comdlg32.lib advapi32.lib shell32.lib ole32.lib oleaut32.lib uuid.lib odbc32.lib odbccp32.lib /MANIFEST /ManifestFile:"Debug\Lucky_List.exe.intermediate.manifest" /MANIFESTUAC:"level='asInvoker' uiAccess='false'" /DEBUG /PDB:"C:\Users\nilesh\Documents\Visual Studio 2010\Projects\IsLand\Debug\Lucky_List.pdb" /SUBSYSTEM:CONSOLE /TLBID:1 /DYNAMICBASE /NXCOMPAT /IMPLIB:"C:\Users\nilesh\Documents\Visual Studio 2010\Projects\IsLand\Debug\Lucky_List.lib" /MACHINE:X86 Debug\Lucky_List.exe.embed.manifest.res
         Debug\Lucky_List.obj
         Debug\stdafx.obj
       Manifest:
         C:\Program Files (x86)\Microsoft SDKs\Windows\v7.0A\bin\mt.exe /nologo /verbose /out:"Debug\Lucky_List.exe.embed.manifest" /manifest Debug\Lucky_List.exe.intermediate.manifest
         All outputs are up-to-date.
       LinkEmbedManifest:
         All outputs are up-to-date.
         Lucky_List.vcxproj -> C:\Users\nilesh\Documents\Visual Studio 2010\Projects\IsLand\Debug\Lucky_List.exe
       FinalizeBuildStatus:
         Deleting file "Debug\Lucky_List.unsuccessfulbuild".
         Touching "Debug\Lucky_List.lastbuildstate".
     1>Done Building Project "C:\Users\nilesh\Documents\Visual Studio 2010\Projects\IsLand\Lucky_List\Lucky_List.vcxproj" (build target(s)).

Build succeeded.

Time Elapsed 00:00:01.00
