Build started 9/28/2016 10:18:28 AM.
     1>Project "C:\Users\nilesh\Documents\Visual Studio 2010\Projects\IsLand\AirPlane15JuneAdv\AirPlane15JuneAdv.vcxproj" on node 2 (build target(s)).
     1>InitializeBuildStatus:
         Creating "Debug\AirPlane15JuneAdv.unsuccessfulbuild" because "AlwaysCreate" was specified.
       ClCompile:
         All outputs are up-to-date.
         c:\Program Files (x86)\Microsoft Visual Studio 10.0\VC\bin\CL.exe /c /ZI /nologo /W3 /WX- /Od /Oy- /D WIN32 /D _DEBUG /D _CONSOLE /D _UNICODE /D UNICODE /Gm /EHsc /RTC1 /MDd /GS /fp:precise /Zc:wchar_t /Zc:forScope /Yu"StdAfx.h" /Fp"Debug\AirPlane15JuneAdv.pch" /Fo"Debug\\" /Fd"Debug\vc100.pdb" /Gd /TP /analyze- /errorReport:prompt practice.cpp
         practice.cpp
       ManifestResourceCompile:
         All outputs are up-to-date.
       Link:
         c:\Program Files (x86)\Microsoft Visual Studio 10.0\VC\bin\link.exe /ERRORREPORT:PROMPT /OUT:"C:\Users\nilesh\Documents\Visual Studio 2010\Projects\IsLand\Debug\AirPlane15JuneAdv.exe" /INCREMENTAL /NOLOGO kernel32.lib user32.lib gdi32.lib winspool.lib comdlg32.lib advapi32.lib shell32.lib ole32.lib oleaut32.lib uuid.lib odbc32.lib odbccp32.lib /MANIFEST /ManifestFile:"Debug\AirPlane15JuneAdv.exe.intermediate.manifest" /MANIFESTUAC:"level='asInvoker' uiAccess='false'" /DEBUG /PDB:"C:\Users\nilesh\Documents\Visual Studio 2010\Projects\IsLand\Debug\AirPlane15JuneAdv.pdb" /SUBSYSTEM:CONSOLE /TLBID:1 /DYNAMICBASE /NXCOMPAT /IMPLIB:"C:\Users\nilesh\Documents\Visual Studio 2010\Projects\IsLand\Debug\AirPlane15JuneAdv.lib" /MACHINE:X86 Debug\AirPlane15JuneAdv.exe.embed.manifest.res
         Debug\AirPlane15JuneAdv.obj
         Debug\practice.obj
         Debug\stdafx.obj
       Manifest:
         C:\Program Files (x86)\Microsoft SDKs\Windows\v7.0A\bin\mt.exe /nologo /verbose /out:"Debug\AirPlane15JuneAdv.exe.embed.manifest" /manifest Debug\AirPlane15JuneAdv.exe.intermediate.manifest
         All outputs are up-to-date.
       LinkEmbedManifest:
         All outputs are up-to-date.
         AirPlane15JuneAdv.vcxproj -> C:\Users\nilesh\Documents\Visual Studio 2010\Projects\IsLand\Debug\AirPlane15JuneAdv.exe
       FinalizeBuildStatus:
         Deleting file "Debug\AirPlane15JuneAdv.unsuccessfulbuild".
         Touching "Debug\AirPlane15JuneAdv.lastbuildstate".
     1>Done Building Project "C:\Users\nilesh\Documents\Visual Studio 2010\Projects\IsLand\AirPlane15JuneAdv\AirPlane15JuneAdv.vcxproj" (build target(s)).

Build succeeded.

Time Elapsed 00:00:02.03
