C:\Users\nilesh\Documents\Visual Studio 2010\Projects\IsLand\connected_areas\Debug\cl.command.1.tlog
C:\Users\nilesh\Documents\Visual Studio 2010\Projects\IsLand\connected_areas\Debug\CL.read.1.tlog
C:\Users\nilesh\Documents\Visual Studio 2010\Projects\IsLand\connected_areas\Debug\CL.write.1.tlog
C:\USERS\NILESH\DOCUMENTS\VISUAL STUDIO 2010\PROJECTS\ISLAND\CONNECTED_AREAS\DEBUG\CONNECTED_AREAS.EXE.EMBED.MANIFEST
C:\USERS\NILESH\DOCUMENTS\VISUAL STUDIO 2010\PROJECTS\ISLAND\CONNECTED_AREAS\DEBUG\CONNECTED_AREAS.EXE.EMBED.MANIFEST.RES
C:\USERS\NILESH\DOCUMENTS\VISUAL STUDIO 2010\PROJECTS\ISLAND\CONNECTED_AREAS\DEBUG\CONNECTED_AREAS.EXE.INTERMEDIATE.MANIFEST
C:\USERS\NILESH\DOCUMENTS\VISUAL STUDIO 2010\PROJECTS\ISLAND\CONNECTED_AREAS\DEBUG\CONNECTED_AREAS.OBJ
C:\USERS\NILESH\DOCUMENTS\VISUAL STUDIO 2010\PROJECTS\ISLAND\CONNECTED_AREAS\DEBUG\CONNECTED_AREAS.PCH
C:\Users\nilesh\Documents\Visual Studio 2010\Projects\IsLand\connected_areas\Debug\connected_areas.vcxprojResolveAssemblyReference.cache
C:\Users\nilesh\Documents\Visual Studio 2010\Projects\IsLand\connected_areas\Debug\connected_areas.write.1.tlog
C:\Users\nilesh\Documents\Visual Studio 2010\Projects\IsLand\connected_areas\Debug\connected_areas_manifest.rc
C:\Users\nilesh\Documents\Visual Studio 2010\Projects\IsLand\connected_areas\Debug\link.4780.read.1.tlog
C:\Users\nilesh\Documents\Visual Studio 2010\Projects\IsLand\connected_areas\Debug\link.4780.write.1.tlog
C:\Users\nilesh\Documents\Visual Studio 2010\Projects\IsLand\connected_areas\Debug\link.4780-cvtres.read.1.tlog
C:\Users\nilesh\Documents\Visual Studio 2010\Projects\IsLand\connected_areas\Debug\link.4780-cvtres.write.1.tlog
C:\Users\nilesh\Documents\Visual Studio 2010\Projects\IsLand\connected_areas\Debug\link.command.1.tlog
C:\Users\nilesh\Documents\Visual Studio 2010\Projects\IsLand\connected_areas\Debug\link.read.1.tlog
C:\Users\nilesh\Documents\Visual Studio 2010\Projects\IsLand\connected_areas\Debug\link.write.1.tlog
C:\Users\nilesh\Documents\Visual Studio 2010\Projects\IsLand\connected_areas\Debug\link-cvtres.read.1.tlog
C:\Users\nilesh\Documents\Visual Studio 2010\Projects\IsLand\connected_areas\Debug\link-cvtres.write.1.tlog
C:\Users\nilesh\Documents\Visual Studio 2010\Projects\IsLand\connected_areas\Debug\mt.command.1.tlog
C:\Users\nilesh\Documents\Visual Studio 2010\Projects\IsLand\connected_areas\Debug\mt.read.1.tlog
C:\Users\nilesh\Documents\Visual Studio 2010\Projects\IsLand\connected_areas\Debug\mt.write.1.tlog
C:\Users\nilesh\Documents\Visual Studio 2010\Projects\IsLand\connected_areas\Debug\rc.command.1.tlog
C:\Users\nilesh\Documents\Visual Studio 2010\Projects\IsLand\connected_areas\Debug\rc.read.1.tlog
C:\Users\nilesh\Documents\Visual Studio 2010\Projects\IsLand\connected_areas\Debug\rc.write.1.tlog
C:\USERS\NILESH\DOCUMENTS\VISUAL STUDIO 2010\PROJECTS\ISLAND\CONNECTED_AREAS\DEBUG\STDAFX.OBJ
C:\Users\nilesh\Documents\Visual Studio 2010\Projects\IsLand\connected_areas\Debug\vc100.idb
C:\USERS\NILESH\DOCUMENTS\VISUAL STUDIO 2010\PROJECTS\ISLAND\CONNECTED_AREAS\DEBUG\VC100.PDB
C:\USERS\NILESH\DOCUMENTS\VISUAL STUDIO 2010\PROJECTS\ISLAND\DEBUG\CONNECTED_AREAS.EXE
C:\USERS\NILESH\DOCUMENTS\VISUAL STUDIO 2010\PROJECTS\ISLAND\DEBUG\CONNECTED_AREAS.ILK
C:\USERS\NILESH\DOCUMENTS\VISUAL STUDIO 2010\PROJECTS\ISLAND\DEBUG\CONNECTED_AREAS.PDB
