Build started 1/31/2016 9:28:56 PM.
     1>Project "c:\Users\nilesh\documents\visual studio 2010\Projects\IsLand\IsLand\IsLand.vcxproj" on node 2 (build target(s)).
     1>InitializeBuildStatus:
         Creating "Debug\IsLand.unsuccessfulbuild" because "AlwaysCreate" was specified.
       GenerateTargetFrameworkMonikerAttribute:
       Skipping target "GenerateTargetFrameworkMonikerAttribute" because all output files are up-to-date with respect to the input files.
       ClCompile:
         All outputs are up-to-date.
         c:\Program Files (x86)\Microsoft Visual Studio 10.0\VC\bin\CL.exe /c /AI"C:\Program Files (x86)\Reference Assemblies\Microsoft\Framework\.NETFramework\v4.0" /Zi /clr /nologo /W3 /WX- /Od /Oy- /D WIN32 /D _DEBUG /D _UNICODE /D UNICODE /EHa /MDd /GS /fp:precise /Zc:wchar_t /Zc:forScope /Yu"StdAfx.h" /Fp"Debug\IsLand.pch" /Fo"Debug\\" /Fd"Debug\vc100.pdb" /TP /FU"C:\Program Files (x86)\Reference Assemblies\Microsoft\Framework\.NETFramework\v4.0\System.Core.dll" /FU"C:\Program Files (x86)\Reference Assemblies\Microsoft\Framework\.NETFramework\v4.0\System.Data.dll" /FU"C:\Program Files (x86)\Reference Assemblies\Microsoft\Framework\.NETFramework\v4.0\System.dll" /FU"C:\Program Files (x86)\Reference Assemblies\Microsoft\Framework\.NETFramework\v4.0\System.Xml.dll" /analyze- /errorReport:prompt IsLand.cpp /clr:nostdlib 
         IsLand.cpp
     1>IsLand.cpp(43): warning C4101: 'n' : unreferenced local variable
     1>IsLand.cpp(43): warning C4101: 'm' : unreferenced local variable
         All outputs are up-to-date.
       ResourceCompile:
         All outputs are up-to-date.
       Link:
         c:\Program Files (x86)\Microsoft Visual Studio 10.0\VC\bin\link.exe /ERRORREPORT:PROMPT /OUT:"c:\users\nilesh\documents\visual studio 2010\Projects\IsLand\Debug\IsLand.exe" /INCREMENTAL /NOLOGO /MANIFEST /ManifestFile:"Debug\IsLand.exe.intermediate.manifest" /MANIFESTUAC:"level='asInvoker' uiAccess='false'" /DEBUG /PDB:"c:\users\nilesh\documents\visual studio 2010\Projects\IsLand\Debug\IsLand.pdb" /ASSEMBLYDEBUG /TLBID:1 /DYNAMICBASE /FIXED:NO /NXCOMPAT /MACHINE:X86 Debug\app.res
         Debug\AssemblyInfo.obj
         Debug\IsLand.obj
         Debug\stdafx.obj
         "Debug\.NETFramework,Version=v4.0.AssemblyAttributes.obj"
         IsLand.vcxproj -> c:\users\nilesh\documents\visual studio 2010\Projects\IsLand\Debug\IsLand.exe
       Manifest:
         C:\Program Files (x86)\Microsoft SDKs\Windows\v7.0A\bin\mt.exe /nologo /verbose /outputresource:"c:\users\nilesh\documents\visual studio 2010\Projects\IsLand\Debug\IsLand.exe;#1" /manifest Debug\IsLand.exe.intermediate.manifest
       FinalizeBuildStatus:
         Deleting file "Debug\IsLand.unsuccessfulbuild".
         Touching "Debug\IsLand.lastbuildstate".
     1>Done Building Project "c:\Users\nilesh\documents\visual studio 2010\Projects\IsLand\IsLand\IsLand.vcxproj" (build target(s)).

Build succeeded.

Time Elapsed 00:00:01.53
