Build started 1/16/2016 1:04:24 PM.
     1>Project "C:\Users\nilesh\Documents\Visual Studio 2010\Projects\Linkedlist.c\Linkedlist.c\Linkedlist.c.vcxproj" on node 2 (build target(s)).
     1>InitializeBuildStatus:
         Creating "Debug\Linkedlist.c.unsuccessfulbuild" because "AlwaysCreate" was specified.
       GenerateTargetFrameworkMonikerAttribute:
       Skipping target "GenerateTargetFrameworkMonikerAttribute" because all output files are up-to-date with respect to the input files.
       ClCompile:
         All outputs are up-to-date.
         c:\Program Files (x86)\Microsoft Visual Studio 10.0\VC\bin\CL.exe /c /AI"C:\Program Files (x86)\Reference Assemblies\Microsoft\Framework\.NETFramework\v4.0" /Zi /clr /nologo /W3 /WX- /Od /Oy- /D WIN32 /D _DEBUG /D _UNICODE /D UNICODE /EHa /MDd /GS /fp:precise /Zc:wchar_t /Zc:forScope /Yu"StdAfx.h" /Fp"Debug\Linkedlist.c.pch" /Fo"Debug\\" /Fd"Debug\vc100.pdb" /TP /FU"C:\Program Files (x86)\Reference Assemblies\Microsoft\Framework\.NETFramework\v4.0\System.Core.dll" /FU"C:\Program Files (x86)\Reference Assemblies\Microsoft\Framework\.NETFramework\v4.0\System.Data.dll" /FU"C:\Program Files (x86)\Reference Assemblies\Microsoft\Framework\.NETFramework\v4.0\System.dll" /FU"C:\Program Files (x86)\Reference Assemblies\Microsoft\Framework\.NETFramework\v4.0\System.Xml.dll" /analyze- /errorReport:prompt Linkedlist.c.cpp /clr:nostdlib 
         Linkedlist.c.cpp
     1>Linkedlist.c.cpp(21): warning C4996: 'scanf': This function or variable may be unsafe. Consider using scanf_s instead. To disable deprecation, use _CRT_SECURE_NO_WARNINGS. See online help for details.
                 c:\Program Files (x86)\Microsoft Visual Studio 10.0\VC\include\stdio.h(304) : see declaration of 'scanf'
     1>Linkedlist.c.cpp(25): warning C4996: 'scanf': This function or variable may be unsafe. Consider using scanf_s instead. To disable deprecation, use _CRT_SECURE_NO_WARNINGS. See online help for details.
                 c:\Program Files (x86)\Microsoft Visual Studio 10.0\VC\include\stdio.h(304) : see declaration of 'scanf'
     1>Linkedlist.c.cpp(18): warning C4101: 'ch' : unreferenced local variable
     1>Linkedlist.c.cpp(184): warning C4101: 'l3' : unreferenced local variable
     1>Linkedlist.c.cpp(184): warning C4101: 'l2' : unreferenced local variable
     1>c:\users\nilesh\documents\visual studio 2010\projects\linkedlist.c\linkedlist.c\linkedlist.c.cpp(180): warning C4715: 'set_link' : not all control paths return a value
         All outputs are up-to-date.
       ResourceCompile:
         All outputs are up-to-date.
       Link:
         c:\Program Files (x86)\Microsoft Visual Studio 10.0\VC\bin\link.exe /ERRORREPORT:PROMPT /OUT:"C:\Users\nilesh\Documents\Visual Studio 2010\Projects\Linkedlist.c\Debug\Linkedlist.c.exe" /INCREMENTAL /NOLOGO /MANIFEST /ManifestFile:"Debug\Linkedlist.c.exe.intermediate.manifest" /MANIFESTUAC:"level='asInvoker' uiAccess='false'" /DEBUG /PDB:"C:\Users\nilesh\Documents\Visual Studio 2010\Projects\Linkedlist.c\Debug\Linkedlist.c.pdb" /ASSEMBLYDEBUG /TLBID:1 /DYNAMICBASE /FIXED:NO /NXCOMPAT /MACHINE:X86 Debug\app.res
         Debug\AssemblyInfo.obj
         Debug\Linkedlist.c.obj
         Debug\stdafx.obj
         "Debug\.NETFramework,Version=v4.0.AssemblyAttributes.obj"
         Linkedlist.c.vcxproj -> C:\Users\nilesh\Documents\Visual Studio 2010\Projects\Linkedlist.c\Debug\Linkedlist.c.exe
       Manifest:
         C:\Program Files (x86)\Microsoft SDKs\Windows\v7.0A\bin\mt.exe /nologo /verbose /outputresource:"C:\Users\nilesh\Documents\Visual Studio 2010\Projects\Linkedlist.c\Debug\Linkedlist.c.exe;#1" /manifest Debug\Linkedlist.c.exe.intermediate.manifest
       FinalizeBuildStatus:
         Deleting file "Debug\Linkedlist.c.unsuccessfulbuild".
         Touching "Debug\Linkedlist.c.lastbuildstate".
     1>Done Building Project "C:\Users\nilesh\Documents\Visual Studio 2010\Projects\Linkedlist.c\Linkedlist.c\Linkedlist.c.vcxproj" (build target(s)).

Build succeeded.

Time Elapsed 00:00:01.13
