Build started 3/27/2016 9:41:58 AM.
     1>Project "C:\Users\nilesh\Documents\Visual Studio 2010\Projects\ResourceDLL\Samsung_Research\Samsung_Research.vcxproj" on node 2 (build target(s)).
     1>InitializeBuildStatus:
         Creating "Debug\Samsung_Research.unsuccessfulbuild" because "AlwaysCreate" was specified.
       ClCompile:
         All outputs are up-to-date.
         c:\Program Files (x86)\Microsoft Visual Studio 10.0\VC\bin\CL.exe /c /ZI /nologo /W3 /WX- /Od /Oy- /D WIN32 /D _DEBUG /D _CONSOLE /D _UNICODE /D UNICODE /Gm /EHsc /RTC1 /MDd /GS /fp:precise /Zc:wchar_t /Zc:forScope /Yu"StdAfx.h" /Fp"Debug\Samsung_Research.pch" /Fo"Debug\\" /Fd"Debug\vc100.pdb" /Gd /TP /analyze- /errorReport:prompt Samsung_Research.cpp
         Samsung_Research.cpp
     1>c:\users\nilesh\documents\visual studio 2010\projects\resourcedll\samsung_research\samsung_research.cpp(57): warning C4101: 'freeResult' : unreferenced local variable
       ResourceCompile:
         All outputs are up-to-date.
       ManifestResourceCompile:
         All outputs are up-to-date.
       Link:
         c:\Program Files (x86)\Microsoft Visual Studio 10.0\VC\bin\link.exe /ERRORREPORT:PROMPT /OUT:"C:\Users\nilesh\Documents\Visual Studio 2010\Projects\ResourceDLL\Debug\Samsung_Research.exe" /INCREMENTAL /NOLOGO kernel32.lib user32.lib gdi32.lib winspool.lib comdlg32.lib advapi32.lib shell32.lib ole32.lib oleaut32.lib uuid.lib odbc32.lib odbccp32.lib /MANIFEST /ManifestFile:"Debug\Samsung_Research.exe.intermediate.manifest" /MANIFESTUAC:"level='asInvoker' uiAccess='false'" /DEBUG /PDB:"C:\Users\nilesh\Documents\Visual Studio 2010\Projects\ResourceDLL\Debug\Samsung_Research.pdb" /SUBSYSTEM:CONSOLE /TLBID:1 /DYNAMICBASE /NXCOMPAT /IMPLIB:"C:\Users\nilesh\Documents\Visual Studio 2010\Projects\ResourceDLL\Debug\Samsung_Research.lib" /MACHINE:X86 Debug\Samsung_Research.res
         Debug\Samsung_Research.exe.embed.manifest.res
         Debug\Samsung_Research.obj
         Debug\stdafx.obj
       Manifest:
         C:\Program Files (x86)\Microsoft SDKs\Windows\v7.0A\bin\mt.exe /nologo /verbose /out:"Debug\Samsung_Research.exe.embed.manifest" /manifest Debug\Samsung_Research.exe.intermediate.manifest
         All outputs are up-to-date.
       LinkEmbedManifest:
         All outputs are up-to-date.
         Samsung_Research.vcxproj -> C:\Users\nilesh\Documents\Visual Studio 2010\Projects\ResourceDLL\Debug\Samsung_Research.exe
       FinalizeBuildStatus:
         Deleting file "Debug\Samsung_Research.unsuccessfulbuild".
         Touching "Debug\Samsung_Research.lastbuildstate".
     1>Done Building Project "C:\Users\nilesh\Documents\Visual Studio 2010\Projects\ResourceDLL\Samsung_Research\Samsung_Research.vcxproj" (build target(s)).

Build succeeded.

Time Elapsed 00:00:07.54
