C:\USERS\NILESH\DOCUMENTS\VISUAL STUDIO 2010\PROJECTS\ISLAND\DEBUG\SNAKE_LADDER.EXE
C:\USERS\NILESH\DOCUMENTS\VISUAL STUDIO 2010\PROJECTS\ISLAND\DEBUG\SNAKE_LADDER.ILK
C:\USERS\NILESH\DOCUMENTS\VISUAL STUDIO 2010\PROJECTS\ISLAND\DEBUG\SNAKE_LADDER.PDB
C:\USERS\NILESH\DOCUMENTS\VISUAL STUDIO 2010\PROJECTS\ISLAND\SNAKE_LADDER\DEBUG\.NETFRAMEWORK,VERSION=V4.0.ASSEMBLYATTRIBUTES.OBJ
C:\USERS\NILESH\DOCUMENTS\VISUAL STUDIO 2010\PROJECTS\ISLAND\SNAKE_LADDER\DEBUG\APP.RES
C:\USERS\NILESH\DOCUMENTS\VISUAL STUDIO 2010\PROJECTS\ISLAND\SNAKE_LADDER\DEBUG\ASSEMBLYINFO.OBJ
C:\Users\nilesh\Documents\Visual Studio 2010\Projects\IsLand\snake_ladder\Debug\cl.command.1.tlog
C:\Users\nilesh\Documents\Visual Studio 2010\Projects\IsLand\snake_ladder\Debug\CL.read.1.tlog
C:\Users\nilesh\Documents\Visual Studio 2010\Projects\IsLand\snake_ladder\Debug\CL.write.1.tlog
C:\Users\nilesh\Documents\Visual Studio 2010\Projects\IsLand\snake_ladder\Debug\link.1508.read.1.tlog
C:\Users\nilesh\Documents\Visual Studio 2010\Projects\IsLand\snake_ladder\Debug\link.1508.write.1.tlog
C:\Users\nilesh\Documents\Visual Studio 2010\Projects\IsLand\snake_ladder\Debug\link.1508-cvtres.read.1.tlog
C:\Users\nilesh\Documents\Visual Studio 2010\Projects\IsLand\snake_ladder\Debug\link.1508-cvtres.write.1.tlog
C:\Users\nilesh\Documents\Visual Studio 2010\Projects\IsLand\snake_ladder\Debug\link.2064.read.1.tlog
C:\Users\nilesh\Documents\Visual Studio 2010\Projects\IsLand\snake_ladder\Debug\link.2064.write.1.tlog
C:\Users\nilesh\Documents\Visual Studio 2010\Projects\IsLand\snake_ladder\Debug\link.2064-cvtres.read.1.tlog
C:\Users\nilesh\Documents\Visual Studio 2010\Projects\IsLand\snake_ladder\Debug\link.2064-cvtres.write.1.tlog
C:\Users\nilesh\Documents\Visual Studio 2010\Projects\IsLand\snake_ladder\Debug\link.2556.read.1.tlog
C:\Users\nilesh\Documents\Visual Studio 2010\Projects\IsLand\snake_ladder\Debug\link.2556.write.1.tlog
C:\Users\nilesh\Documents\Visual Studio 2010\Projects\IsLand\snake_ladder\Debug\link.2556-cvtres.read.1.tlog
C:\Users\nilesh\Documents\Visual Studio 2010\Projects\IsLand\snake_ladder\Debug\link.2556-cvtres.write.1.tlog
C:\Users\nilesh\Documents\Visual Studio 2010\Projects\IsLand\snake_ladder\Debug\link.2872.read.1.tlog
C:\Users\nilesh\Documents\Visual Studio 2010\Projects\IsLand\snake_ladder\Debug\link.2872.write.1.tlog
C:\Users\nilesh\Documents\Visual Studio 2010\Projects\IsLand\snake_ladder\Debug\link.2872-cvtres.read.1.tlog
C:\Users\nilesh\Documents\Visual Studio 2010\Projects\IsLand\snake_ladder\Debug\link.2872-cvtres.write.1.tlog
C:\Users\nilesh\Documents\Visual Studio 2010\Projects\IsLand\snake_ladder\Debug\link.2968.read.1.tlog
C:\Users\nilesh\Documents\Visual Studio 2010\Projects\IsLand\snake_ladder\Debug\link.2968.write.1.tlog
C:\Users\nilesh\Documents\Visual Studio 2010\Projects\IsLand\snake_ladder\Debug\link.2968-cvtres.read.1.tlog
C:\Users\nilesh\Documents\Visual Studio 2010\Projects\IsLand\snake_ladder\Debug\link.2968-cvtres.write.1.tlog
C:\Users\nilesh\Documents\Visual Studio 2010\Projects\IsLand\snake_ladder\Debug\link.3332.read.1.tlog
C:\Users\nilesh\Documents\Visual Studio 2010\Projects\IsLand\snake_ladder\Debug\link.3332.write.1.tlog
C:\Users\nilesh\Documents\Visual Studio 2010\Projects\IsLand\snake_ladder\Debug\link.3332-cvtres.read.1.tlog
C:\Users\nilesh\Documents\Visual Studio 2010\Projects\IsLand\snake_ladder\Debug\link.3332-cvtres.write.1.tlog
C:\Users\nilesh\Documents\Visual Studio 2010\Projects\IsLand\snake_ladder\Debug\link.3580.read.1.tlog
C:\Users\nilesh\Documents\Visual Studio 2010\Projects\IsLand\snake_ladder\Debug\link.3580.write.1.tlog
C:\Users\nilesh\Documents\Visual Studio 2010\Projects\IsLand\snake_ladder\Debug\link.3580-cvtres.read.1.tlog
C:\Users\nilesh\Documents\Visual Studio 2010\Projects\IsLand\snake_ladder\Debug\link.3580-cvtres.write.1.tlog
C:\Users\nilesh\Documents\Visual Studio 2010\Projects\IsLand\snake_ladder\Debug\link.3696.read.1.tlog
C:\Users\nilesh\Documents\Visual Studio 2010\Projects\IsLand\snake_ladder\Debug\link.3696.write.1.tlog
C:\Users\nilesh\Documents\Visual Studio 2010\Projects\IsLand\snake_ladder\Debug\link.3696-cvtres.read.1.tlog
C:\Users\nilesh\Documents\Visual Studio 2010\Projects\IsLand\snake_ladder\Debug\link.3696-cvtres.write.1.tlog
C:\Users\nilesh\Documents\Visual Studio 2010\Projects\IsLand\snake_ladder\Debug\link.3708.read.1.tlog
C:\Users\nilesh\Documents\Visual Studio 2010\Projects\IsLand\snake_ladder\Debug\link.3708.write.1.tlog
C:\Users\nilesh\Documents\Visual Studio 2010\Projects\IsLand\snake_ladder\Debug\link.3708-cvtres.read.1.tlog
C:\Users\nilesh\Documents\Visual Studio 2010\Projects\IsLand\snake_ladder\Debug\link.3708-cvtres.write.1.tlog
C:\Users\nilesh\Documents\Visual Studio 2010\Projects\IsLand\snake_ladder\Debug\link.3876.read.1.tlog
C:\Users\nilesh\Documents\Visual Studio 2010\Projects\IsLand\snake_ladder\Debug\link.3876.write.1.tlog
C:\Users\nilesh\Documents\Visual Studio 2010\Projects\IsLand\snake_ladder\Debug\link.3876-cvtres.read.1.tlog
C:\Users\nilesh\Documents\Visual Studio 2010\Projects\IsLand\snake_ladder\Debug\link.3876-cvtres.write.1.tlog
C:\Users\nilesh\Documents\Visual Studio 2010\Projects\IsLand\snake_ladder\Debug\link.4076.read.1.tlog
C:\Users\nilesh\Documents\Visual Studio 2010\Projects\IsLand\snake_ladder\Debug\link.4076.write.1.tlog
C:\Users\nilesh\Documents\Visual Studio 2010\Projects\IsLand\snake_ladder\Debug\link.4076-cvtres.read.1.tlog
C:\Users\nilesh\Documents\Visual Studio 2010\Projects\IsLand\snake_ladder\Debug\link.4076-cvtres.write.1.tlog
C:\Users\nilesh\Documents\Visual Studio 2010\Projects\IsLand\snake_ladder\Debug\link.4224.read.1.tlog
C:\Users\nilesh\Documents\Visual Studio 2010\Projects\IsLand\snake_ladder\Debug\link.4224.write.1.tlog
C:\Users\nilesh\Documents\Visual Studio 2010\Projects\IsLand\snake_ladder\Debug\link.4224-cvtres.read.1.tlog
C:\Users\nilesh\Documents\Visual Studio 2010\Projects\IsLand\snake_ladder\Debug\link.4224-cvtres.write.1.tlog
C:\Users\nilesh\Documents\Visual Studio 2010\Projects\IsLand\snake_ladder\Debug\link.4724.read.1.tlog
C:\Users\nilesh\Documents\Visual Studio 2010\Projects\IsLand\snake_ladder\Debug\link.4724.write.1.tlog
C:\Users\nilesh\Documents\Visual Studio 2010\Projects\IsLand\snake_ladder\Debug\link.4724-cvtres.read.1.tlog
C:\Users\nilesh\Documents\Visual Studio 2010\Projects\IsLand\snake_ladder\Debug\link.4724-cvtres.write.1.tlog
C:\Users\nilesh\Documents\Visual Studio 2010\Projects\IsLand\snake_ladder\Debug\link.4872.read.1.tlog
C:\Users\nilesh\Documents\Visual Studio 2010\Projects\IsLand\snake_ladder\Debug\link.4872.write.1.tlog
C:\Users\nilesh\Documents\Visual Studio 2010\Projects\IsLand\snake_ladder\Debug\link.4872-cvtres.read.1.tlog
C:\Users\nilesh\Documents\Visual Studio 2010\Projects\IsLand\snake_ladder\Debug\link.4872-cvtres.write.1.tlog
C:\Users\nilesh\Documents\Visual Studio 2010\Projects\IsLand\snake_ladder\Debug\link.4968.read.1.tlog
C:\Users\nilesh\Documents\Visual Studio 2010\Projects\IsLand\snake_ladder\Debug\link.4968.write.1.tlog
C:\Users\nilesh\Documents\Visual Studio 2010\Projects\IsLand\snake_ladder\Debug\link.4968-cvtres.read.1.tlog
C:\Users\nilesh\Documents\Visual Studio 2010\Projects\IsLand\snake_ladder\Debug\link.4968-cvtres.write.1.tlog
C:\Users\nilesh\Documents\Visual Studio 2010\Projects\IsLand\snake_ladder\Debug\link.5084.read.1.tlog
C:\Users\nilesh\Documents\Visual Studio 2010\Projects\IsLand\snake_ladder\Debug\link.5084.write.1.tlog
C:\Users\nilesh\Documents\Visual Studio 2010\Projects\IsLand\snake_ladder\Debug\link.5084-cvtres.read.1.tlog
C:\Users\nilesh\Documents\Visual Studio 2010\Projects\IsLand\snake_ladder\Debug\link.5084-cvtres.write.1.tlog
C:\Users\nilesh\Documents\Visual Studio 2010\Projects\IsLand\snake_ladder\Debug\link.5224.read.1.tlog
C:\Users\nilesh\Documents\Visual Studio 2010\Projects\IsLand\snake_ladder\Debug\link.5224.write.1.tlog
C:\Users\nilesh\Documents\Visual Studio 2010\Projects\IsLand\snake_ladder\Debug\link.5224-cvtres.read.1.tlog
C:\Users\nilesh\Documents\Visual Studio 2010\Projects\IsLand\snake_ladder\Debug\link.5224-cvtres.write.1.tlog
C:\Users\nilesh\Documents\Visual Studio 2010\Projects\IsLand\snake_ladder\Debug\link.5264.read.1.tlog
C:\Users\nilesh\Documents\Visual Studio 2010\Projects\IsLand\snake_ladder\Debug\link.5264.write.1.tlog
C:\Users\nilesh\Documents\Visual Studio 2010\Projects\IsLand\snake_ladder\Debug\link.5264-cvtres.read.1.tlog
C:\Users\nilesh\Documents\Visual Studio 2010\Projects\IsLand\snake_ladder\Debug\link.5264-cvtres.write.1.tlog
C:\Users\nilesh\Documents\Visual Studio 2010\Projects\IsLand\snake_ladder\Debug\link.5300.read.1.tlog
C:\Users\nilesh\Documents\Visual Studio 2010\Projects\IsLand\snake_ladder\Debug\link.5300.write.1.tlog
C:\Users\nilesh\Documents\Visual Studio 2010\Projects\IsLand\snake_ladder\Debug\link.5300-cvtres.read.1.tlog
C:\Users\nilesh\Documents\Visual Studio 2010\Projects\IsLand\snake_ladder\Debug\link.5300-cvtres.write.1.tlog
C:\Users\nilesh\Documents\Visual Studio 2010\Projects\IsLand\snake_ladder\Debug\link.5328.read.1.tlog
C:\Users\nilesh\Documents\Visual Studio 2010\Projects\IsLand\snake_ladder\Debug\link.5328.write.1.tlog
C:\Users\nilesh\Documents\Visual Studio 2010\Projects\IsLand\snake_ladder\Debug\link.5328-cvtres.read.1.tlog
C:\Users\nilesh\Documents\Visual Studio 2010\Projects\IsLand\snake_ladder\Debug\link.5328-cvtres.write.1.tlog
C:\Users\nilesh\Documents\Visual Studio 2010\Projects\IsLand\snake_ladder\Debug\link.5376.read.1.tlog
C:\Users\nilesh\Documents\Visual Studio 2010\Projects\IsLand\snake_ladder\Debug\link.5376.write.1.tlog
C:\Users\nilesh\Documents\Visual Studio 2010\Projects\IsLand\snake_ladder\Debug\link.5376-cvtres.read.1.tlog
C:\Users\nilesh\Documents\Visual Studio 2010\Projects\IsLand\snake_ladder\Debug\link.5376-cvtres.write.1.tlog
C:\Users\nilesh\Documents\Visual Studio 2010\Projects\IsLand\snake_ladder\Debug\link.5424.read.1.tlog
C:\Users\nilesh\Documents\Visual Studio 2010\Projects\IsLand\snake_ladder\Debug\link.5424.write.1.tlog
C:\Users\nilesh\Documents\Visual Studio 2010\Projects\IsLand\snake_ladder\Debug\link.5424-cvtres.read.1.tlog
C:\Users\nilesh\Documents\Visual Studio 2010\Projects\IsLand\snake_ladder\Debug\link.5424-cvtres.write.1.tlog
C:\Users\nilesh\Documents\Visual Studio 2010\Projects\IsLand\snake_ladder\Debug\link.5476.read.1.tlog
C:\Users\nilesh\Documents\Visual Studio 2010\Projects\IsLand\snake_ladder\Debug\link.5476.write.1.tlog
C:\Users\nilesh\Documents\Visual Studio 2010\Projects\IsLand\snake_ladder\Debug\link.5476-cvtres.read.1.tlog
C:\Users\nilesh\Documents\Visual Studio 2010\Projects\IsLand\snake_ladder\Debug\link.5476-cvtres.write.1.tlog
C:\Users\nilesh\Documents\Visual Studio 2010\Projects\IsLand\snake_ladder\Debug\link.5492.read.1.tlog
C:\Users\nilesh\Documents\Visual Studio 2010\Projects\IsLand\snake_ladder\Debug\link.5492.write.1.tlog
C:\Users\nilesh\Documents\Visual Studio 2010\Projects\IsLand\snake_ladder\Debug\link.5492-cvtres.read.1.tlog
C:\Users\nilesh\Documents\Visual Studio 2010\Projects\IsLand\snake_ladder\Debug\link.5492-cvtres.write.1.tlog
C:\Users\nilesh\Documents\Visual Studio 2010\Projects\IsLand\snake_ladder\Debug\link.5532.read.1.tlog
C:\Users\nilesh\Documents\Visual Studio 2010\Projects\IsLand\snake_ladder\Debug\link.5532.write.1.tlog
C:\Users\nilesh\Documents\Visual Studio 2010\Projects\IsLand\snake_ladder\Debug\link.5532-cvtres.read.1.tlog
C:\Users\nilesh\Documents\Visual Studio 2010\Projects\IsLand\snake_ladder\Debug\link.5532-cvtres.write.1.tlog
C:\Users\nilesh\Documents\Visual Studio 2010\Projects\IsLand\snake_ladder\Debug\link.6032.read.1.tlog
C:\Users\nilesh\Documents\Visual Studio 2010\Projects\IsLand\snake_ladder\Debug\link.6032.write.1.tlog
C:\Users\nilesh\Documents\Visual Studio 2010\Projects\IsLand\snake_ladder\Debug\link.6032-cvtres.read.1.tlog
C:\Users\nilesh\Documents\Visual Studio 2010\Projects\IsLand\snake_ladder\Debug\link.6032-cvtres.write.1.tlog
C:\Users\nilesh\Documents\Visual Studio 2010\Projects\IsLand\snake_ladder\Debug\link.6056.read.1.tlog
C:\Users\nilesh\Documents\Visual Studio 2010\Projects\IsLand\snake_ladder\Debug\link.6056.write.1.tlog
C:\Users\nilesh\Documents\Visual Studio 2010\Projects\IsLand\snake_ladder\Debug\link.6056-cvtres.read.1.tlog
C:\Users\nilesh\Documents\Visual Studio 2010\Projects\IsLand\snake_ladder\Debug\link.6056-cvtres.write.1.tlog
C:\Users\nilesh\Documents\Visual Studio 2010\Projects\IsLand\snake_ladder\Debug\link.6096.read.1.tlog
C:\Users\nilesh\Documents\Visual Studio 2010\Projects\IsLand\snake_ladder\Debug\link.6096.write.1.tlog
C:\Users\nilesh\Documents\Visual Studio 2010\Projects\IsLand\snake_ladder\Debug\link.6096-cvtres.read.1.tlog
C:\Users\nilesh\Documents\Visual Studio 2010\Projects\IsLand\snake_ladder\Debug\link.6096-cvtres.write.1.tlog
C:\Users\nilesh\Documents\Visual Studio 2010\Projects\IsLand\snake_ladder\Debug\link.6116.read.1.tlog
C:\Users\nilesh\Documents\Visual Studio 2010\Projects\IsLand\snake_ladder\Debug\link.6116.write.1.tlog
C:\Users\nilesh\Documents\Visual Studio 2010\Projects\IsLand\snake_ladder\Debug\link.6116-cvtres.read.1.tlog
C:\Users\nilesh\Documents\Visual Studio 2010\Projects\IsLand\snake_ladder\Debug\link.6116-cvtres.write.1.tlog
C:\Users\nilesh\Documents\Visual Studio 2010\Projects\IsLand\snake_ladder\Debug\link.6128.read.1.tlog
C:\Users\nilesh\Documents\Visual Studio 2010\Projects\IsLand\snake_ladder\Debug\link.6128.write.1.tlog
C:\Users\nilesh\Documents\Visual Studio 2010\Projects\IsLand\snake_ladder\Debug\link.6128-cvtres.read.1.tlog
C:\Users\nilesh\Documents\Visual Studio 2010\Projects\IsLand\snake_ladder\Debug\link.6128-cvtres.write.1.tlog
C:\Users\nilesh\Documents\Visual Studio 2010\Projects\IsLand\snake_ladder\Debug\link.6136.read.1.tlog
C:\Users\nilesh\Documents\Visual Studio 2010\Projects\IsLand\snake_ladder\Debug\link.6136.write.1.tlog
C:\Users\nilesh\Documents\Visual Studio 2010\Projects\IsLand\snake_ladder\Debug\link.6136-cvtres.read.1.tlog
C:\Users\nilesh\Documents\Visual Studio 2010\Projects\IsLand\snake_ladder\Debug\link.6136-cvtres.write.1.tlog
C:\Users\nilesh\Documents\Visual Studio 2010\Projects\IsLand\snake_ladder\Debug\link.6212.read.1.tlog
C:\Users\nilesh\Documents\Visual Studio 2010\Projects\IsLand\snake_ladder\Debug\link.6212.write.1.tlog
C:\Users\nilesh\Documents\Visual Studio 2010\Projects\IsLand\snake_ladder\Debug\link.6212-cvtres.read.1.tlog
C:\Users\nilesh\Documents\Visual Studio 2010\Projects\IsLand\snake_ladder\Debug\link.6212-cvtres.write.1.tlog
C:\Users\nilesh\Documents\Visual Studio 2010\Projects\IsLand\snake_ladder\Debug\link.6320.read.1.tlog
C:\Users\nilesh\Documents\Visual Studio 2010\Projects\IsLand\snake_ladder\Debug\link.6320.write.1.tlog
C:\Users\nilesh\Documents\Visual Studio 2010\Projects\IsLand\snake_ladder\Debug\link.6320-cvtres.read.1.tlog
C:\Users\nilesh\Documents\Visual Studio 2010\Projects\IsLand\snake_ladder\Debug\link.6320-cvtres.write.1.tlog
C:\Users\nilesh\Documents\Visual Studio 2010\Projects\IsLand\snake_ladder\Debug\link.6636.read.1.tlog
C:\Users\nilesh\Documents\Visual Studio 2010\Projects\IsLand\snake_ladder\Debug\link.6636.write.1.tlog
C:\Users\nilesh\Documents\Visual Studio 2010\Projects\IsLand\snake_ladder\Debug\link.6636-cvtres.read.1.tlog
C:\Users\nilesh\Documents\Visual Studio 2010\Projects\IsLand\snake_ladder\Debug\link.6636-cvtres.write.1.tlog
C:\Users\nilesh\Documents\Visual Studio 2010\Projects\IsLand\snake_ladder\Debug\link.6692.read.1.tlog
C:\Users\nilesh\Documents\Visual Studio 2010\Projects\IsLand\snake_ladder\Debug\link.6692.write.1.tlog
C:\Users\nilesh\Documents\Visual Studio 2010\Projects\IsLand\snake_ladder\Debug\link.6692-cvtres.read.1.tlog
C:\Users\nilesh\Documents\Visual Studio 2010\Projects\IsLand\snake_ladder\Debug\link.6692-cvtres.write.1.tlog
C:\Users\nilesh\Documents\Visual Studio 2010\Projects\IsLand\snake_ladder\Debug\link.6728.read.1.tlog
C:\Users\nilesh\Documents\Visual Studio 2010\Projects\IsLand\snake_ladder\Debug\link.6728.write.1.tlog
C:\Users\nilesh\Documents\Visual Studio 2010\Projects\IsLand\snake_ladder\Debug\link.6728-cvtres.read.1.tlog
C:\Users\nilesh\Documents\Visual Studio 2010\Projects\IsLand\snake_ladder\Debug\link.6728-cvtres.write.1.tlog
C:\Users\nilesh\Documents\Visual Studio 2010\Projects\IsLand\snake_ladder\Debug\link.6780.read.1.tlog
C:\Users\nilesh\Documents\Visual Studio 2010\Projects\IsLand\snake_ladder\Debug\link.6780.write.1.tlog
C:\Users\nilesh\Documents\Visual Studio 2010\Projects\IsLand\snake_ladder\Debug\link.6780-cvtres.read.1.tlog
C:\Users\nilesh\Documents\Visual Studio 2010\Projects\IsLand\snake_ladder\Debug\link.6780-cvtres.write.1.tlog
C:\Users\nilesh\Documents\Visual Studio 2010\Projects\IsLand\snake_ladder\Debug\link.6852.read.1.tlog
C:\Users\nilesh\Documents\Visual Studio 2010\Projects\IsLand\snake_ladder\Debug\link.6852.write.1.tlog
C:\Users\nilesh\Documents\Visual Studio 2010\Projects\IsLand\snake_ladder\Debug\link.6852-cvtres.read.1.tlog
C:\Users\nilesh\Documents\Visual Studio 2010\Projects\IsLand\snake_ladder\Debug\link.6852-cvtres.write.1.tlog
C:\Users\nilesh\Documents\Visual Studio 2010\Projects\IsLand\snake_ladder\Debug\link.6988.read.1.tlog
C:\Users\nilesh\Documents\Visual Studio 2010\Projects\IsLand\snake_ladder\Debug\link.6988.write.1.tlog
C:\Users\nilesh\Documents\Visual Studio 2010\Projects\IsLand\snake_ladder\Debug\link.6988-cvtres.read.1.tlog
C:\Users\nilesh\Documents\Visual Studio 2010\Projects\IsLand\snake_ladder\Debug\link.6988-cvtres.write.1.tlog
C:\Users\nilesh\Documents\Visual Studio 2010\Projects\IsLand\snake_ladder\Debug\link.6996.read.1.tlog
C:\Users\nilesh\Documents\Visual Studio 2010\Projects\IsLand\snake_ladder\Debug\link.6996.write.1.tlog
C:\Users\nilesh\Documents\Visual Studio 2010\Projects\IsLand\snake_ladder\Debug\link.6996-cvtres.read.1.tlog
C:\Users\nilesh\Documents\Visual Studio 2010\Projects\IsLand\snake_ladder\Debug\link.6996-cvtres.write.1.tlog
C:\Users\nilesh\Documents\Visual Studio 2010\Projects\IsLand\snake_ladder\Debug\link.7004.read.1.tlog
C:\Users\nilesh\Documents\Visual Studio 2010\Projects\IsLand\snake_ladder\Debug\link.7004.write.1.tlog
C:\Users\nilesh\Documents\Visual Studio 2010\Projects\IsLand\snake_ladder\Debug\link.7004-cvtres.read.1.tlog
C:\Users\nilesh\Documents\Visual Studio 2010\Projects\IsLand\snake_ladder\Debug\link.7004-cvtres.write.1.tlog
C:\Users\nilesh\Documents\Visual Studio 2010\Projects\IsLand\snake_ladder\Debug\link.7132.read.1.tlog
C:\Users\nilesh\Documents\Visual Studio 2010\Projects\IsLand\snake_ladder\Debug\link.7132.write.1.tlog
C:\Users\nilesh\Documents\Visual Studio 2010\Projects\IsLand\snake_ladder\Debug\link.7132-cvtres.read.1.tlog
C:\Users\nilesh\Documents\Visual Studio 2010\Projects\IsLand\snake_ladder\Debug\link.7132-cvtres.write.1.tlog
C:\Users\nilesh\Documents\Visual Studio 2010\Projects\IsLand\snake_ladder\Debug\link.7176.read.1.tlog
C:\Users\nilesh\Documents\Visual Studio 2010\Projects\IsLand\snake_ladder\Debug\link.7176.write.1.tlog
C:\Users\nilesh\Documents\Visual Studio 2010\Projects\IsLand\snake_ladder\Debug\link.7176-cvtres.read.1.tlog
C:\Users\nilesh\Documents\Visual Studio 2010\Projects\IsLand\snake_ladder\Debug\link.7176-cvtres.write.1.tlog
C:\Users\nilesh\Documents\Visual Studio 2010\Projects\IsLand\snake_ladder\Debug\link.7192.read.1.tlog
C:\Users\nilesh\Documents\Visual Studio 2010\Projects\IsLand\snake_ladder\Debug\link.7192.write.1.tlog
C:\Users\nilesh\Documents\Visual Studio 2010\Projects\IsLand\snake_ladder\Debug\link.7192-cvtres.read.1.tlog
C:\Users\nilesh\Documents\Visual Studio 2010\Projects\IsLand\snake_ladder\Debug\link.7192-cvtres.write.1.tlog
C:\Users\nilesh\Documents\Visual Studio 2010\Projects\IsLand\snake_ladder\Debug\link.724.read.1.tlog
C:\Users\nilesh\Documents\Visual Studio 2010\Projects\IsLand\snake_ladder\Debug\link.724.write.1.tlog
C:\Users\nilesh\Documents\Visual Studio 2010\Projects\IsLand\snake_ladder\Debug\link.724-cvtres.read.1.tlog
C:\Users\nilesh\Documents\Visual Studio 2010\Projects\IsLand\snake_ladder\Debug\link.724-cvtres.write.1.tlog
C:\Users\nilesh\Documents\Visual Studio 2010\Projects\IsLand\snake_ladder\Debug\link.7292.read.1.tlog
C:\Users\nilesh\Documents\Visual Studio 2010\Projects\IsLand\snake_ladder\Debug\link.7292.write.1.tlog
C:\Users\nilesh\Documents\Visual Studio 2010\Projects\IsLand\snake_ladder\Debug\link.7292-cvtres.read.1.tlog
C:\Users\nilesh\Documents\Visual Studio 2010\Projects\IsLand\snake_ladder\Debug\link.7292-cvtres.write.1.tlog
C:\Users\nilesh\Documents\Visual Studio 2010\Projects\IsLand\snake_ladder\Debug\link.7372.read.1.tlog
C:\Users\nilesh\Documents\Visual Studio 2010\Projects\IsLand\snake_ladder\Debug\link.7372.write.1.tlog
C:\Users\nilesh\Documents\Visual Studio 2010\Projects\IsLand\snake_ladder\Debug\link.7372-cvtres.read.1.tlog
C:\Users\nilesh\Documents\Visual Studio 2010\Projects\IsLand\snake_ladder\Debug\link.7372-cvtres.write.1.tlog
C:\Users\nilesh\Documents\Visual Studio 2010\Projects\IsLand\snake_ladder\Debug\link.7500.read.1.tlog
C:\Users\nilesh\Documents\Visual Studio 2010\Projects\IsLand\snake_ladder\Debug\link.7500.write.1.tlog
C:\Users\nilesh\Documents\Visual Studio 2010\Projects\IsLand\snake_ladder\Debug\link.7500-cvtres.read.1.tlog
C:\Users\nilesh\Documents\Visual Studio 2010\Projects\IsLand\snake_ladder\Debug\link.7500-cvtres.write.1.tlog
C:\Users\nilesh\Documents\Visual Studio 2010\Projects\IsLand\snake_ladder\Debug\link.7544.read.1.tlog
C:\Users\nilesh\Documents\Visual Studio 2010\Projects\IsLand\snake_ladder\Debug\link.7544.write.1.tlog
C:\Users\nilesh\Documents\Visual Studio 2010\Projects\IsLand\snake_ladder\Debug\link.7544-cvtres.read.1.tlog
C:\Users\nilesh\Documents\Visual Studio 2010\Projects\IsLand\snake_ladder\Debug\link.7544-cvtres.write.1.tlog
C:\Users\nilesh\Documents\Visual Studio 2010\Projects\IsLand\snake_ladder\Debug\link.7552.read.1.tlog
C:\Users\nilesh\Documents\Visual Studio 2010\Projects\IsLand\snake_ladder\Debug\link.7552.write.1.tlog
C:\Users\nilesh\Documents\Visual Studio 2010\Projects\IsLand\snake_ladder\Debug\link.7552-cvtres.read.1.tlog
C:\Users\nilesh\Documents\Visual Studio 2010\Projects\IsLand\snake_ladder\Debug\link.7552-cvtres.write.1.tlog
C:\Users\nilesh\Documents\Visual Studio 2010\Projects\IsLand\snake_ladder\Debug\link.7748.read.1.tlog
C:\Users\nilesh\Documents\Visual Studio 2010\Projects\IsLand\snake_ladder\Debug\link.7748.write.1.tlog
C:\Users\nilesh\Documents\Visual Studio 2010\Projects\IsLand\snake_ladder\Debug\link.7748-cvtres.read.1.tlog
C:\Users\nilesh\Documents\Visual Studio 2010\Projects\IsLand\snake_ladder\Debug\link.7748-cvtres.write.1.tlog
C:\Users\nilesh\Documents\Visual Studio 2010\Projects\IsLand\snake_ladder\Debug\link.7772.read.1.tlog
C:\Users\nilesh\Documents\Visual Studio 2010\Projects\IsLand\snake_ladder\Debug\link.7772.write.1.tlog
C:\Users\nilesh\Documents\Visual Studio 2010\Projects\IsLand\snake_ladder\Debug\link.7772-cvtres.read.1.tlog
C:\Users\nilesh\Documents\Visual Studio 2010\Projects\IsLand\snake_ladder\Debug\link.7772-cvtres.write.1.tlog
C:\Users\nilesh\Documents\Visual Studio 2010\Projects\IsLand\snake_ladder\Debug\link.7908.read.1.tlog
C:\Users\nilesh\Documents\Visual Studio 2010\Projects\IsLand\snake_ladder\Debug\link.7908.write.1.tlog
C:\Users\nilesh\Documents\Visual Studio 2010\Projects\IsLand\snake_ladder\Debug\link.7908-cvtres.read.1.tlog
C:\Users\nilesh\Documents\Visual Studio 2010\Projects\IsLand\snake_ladder\Debug\link.7908-cvtres.write.1.tlog
C:\Users\nilesh\Documents\Visual Studio 2010\Projects\IsLand\snake_ladder\Debug\link.7912.read.1.tlog
C:\Users\nilesh\Documents\Visual Studio 2010\Projects\IsLand\snake_ladder\Debug\link.7912.write.1.tlog
C:\Users\nilesh\Documents\Visual Studio 2010\Projects\IsLand\snake_ladder\Debug\link.7912-cvtres.read.1.tlog
C:\Users\nilesh\Documents\Visual Studio 2010\Projects\IsLand\snake_ladder\Debug\link.7912-cvtres.write.1.tlog
C:\Users\nilesh\Documents\Visual Studio 2010\Projects\IsLand\snake_ladder\Debug\link.7932.read.1.tlog
C:\Users\nilesh\Documents\Visual Studio 2010\Projects\IsLand\snake_ladder\Debug\link.7932.write.1.tlog
C:\Users\nilesh\Documents\Visual Studio 2010\Projects\IsLand\snake_ladder\Debug\link.7932-cvtres.read.1.tlog
C:\Users\nilesh\Documents\Visual Studio 2010\Projects\IsLand\snake_ladder\Debug\link.7932-cvtres.write.1.tlog
C:\Users\nilesh\Documents\Visual Studio 2010\Projects\IsLand\snake_ladder\Debug\link.7944.read.1.tlog
C:\Users\nilesh\Documents\Visual Studio 2010\Projects\IsLand\snake_ladder\Debug\link.7944.write.1.tlog
C:\Users\nilesh\Documents\Visual Studio 2010\Projects\IsLand\snake_ladder\Debug\link.7944-cvtres.read.1.tlog
C:\Users\nilesh\Documents\Visual Studio 2010\Projects\IsLand\snake_ladder\Debug\link.7944-cvtres.write.1.tlog
C:\Users\nilesh\Documents\Visual Studio 2010\Projects\IsLand\snake_ladder\Debug\link.8012.read.1.tlog
C:\Users\nilesh\Documents\Visual Studio 2010\Projects\IsLand\snake_ladder\Debug\link.8012.write.1.tlog
C:\Users\nilesh\Documents\Visual Studio 2010\Projects\IsLand\snake_ladder\Debug\link.8012-cvtres.read.1.tlog
C:\Users\nilesh\Documents\Visual Studio 2010\Projects\IsLand\snake_ladder\Debug\link.8012-cvtres.write.1.tlog
C:\Users\nilesh\Documents\Visual Studio 2010\Projects\IsLand\snake_ladder\Debug\link.8036.read.1.tlog
C:\Users\nilesh\Documents\Visual Studio 2010\Projects\IsLand\snake_ladder\Debug\link.8036.write.1.tlog
C:\Users\nilesh\Documents\Visual Studio 2010\Projects\IsLand\snake_ladder\Debug\link.8036-cvtres.read.1.tlog
C:\Users\nilesh\Documents\Visual Studio 2010\Projects\IsLand\snake_ladder\Debug\link.8036-cvtres.write.1.tlog
C:\Users\nilesh\Documents\Visual Studio 2010\Projects\IsLand\snake_ladder\Debug\link.8236.read.1.tlog
C:\Users\nilesh\Documents\Visual Studio 2010\Projects\IsLand\snake_ladder\Debug\link.8236.write.1.tlog
C:\Users\nilesh\Documents\Visual Studio 2010\Projects\IsLand\snake_ladder\Debug\link.8236-cvtres.read.1.tlog
C:\Users\nilesh\Documents\Visual Studio 2010\Projects\IsLand\snake_ladder\Debug\link.8236-cvtres.write.1.tlog
C:\Users\nilesh\Documents\Visual Studio 2010\Projects\IsLand\snake_ladder\Debug\link.8356.read.1.tlog
C:\Users\nilesh\Documents\Visual Studio 2010\Projects\IsLand\snake_ladder\Debug\link.8356.write.1.tlog
C:\Users\nilesh\Documents\Visual Studio 2010\Projects\IsLand\snake_ladder\Debug\link.8356-cvtres.read.1.tlog
C:\Users\nilesh\Documents\Visual Studio 2010\Projects\IsLand\snake_ladder\Debug\link.8356-cvtres.write.1.tlog
C:\Users\nilesh\Documents\Visual Studio 2010\Projects\IsLand\snake_ladder\Debug\link.8372.read.1.tlog
C:\Users\nilesh\Documents\Visual Studio 2010\Projects\IsLand\snake_ladder\Debug\link.8372.write.1.tlog
C:\Users\nilesh\Documents\Visual Studio 2010\Projects\IsLand\snake_ladder\Debug\link.8372-cvtres.read.1.tlog
C:\Users\nilesh\Documents\Visual Studio 2010\Projects\IsLand\snake_ladder\Debug\link.8372-cvtres.write.1.tlog
C:\Users\nilesh\Documents\Visual Studio 2010\Projects\IsLand\snake_ladder\Debug\link.8384.read.1.tlog
C:\Users\nilesh\Documents\Visual Studio 2010\Projects\IsLand\snake_ladder\Debug\link.8384.write.1.tlog
C:\Users\nilesh\Documents\Visual Studio 2010\Projects\IsLand\snake_ladder\Debug\link.8384-cvtres.read.1.tlog
C:\Users\nilesh\Documents\Visual Studio 2010\Projects\IsLand\snake_ladder\Debug\link.8384-cvtres.write.1.tlog
C:\Users\nilesh\Documents\Visual Studio 2010\Projects\IsLand\snake_ladder\Debug\link.8556.read.1.tlog
C:\Users\nilesh\Documents\Visual Studio 2010\Projects\IsLand\snake_ladder\Debug\link.8556.write.1.tlog
C:\Users\nilesh\Documents\Visual Studio 2010\Projects\IsLand\snake_ladder\Debug\link.8556-cvtres.read.1.tlog
C:\Users\nilesh\Documents\Visual Studio 2010\Projects\IsLand\snake_ladder\Debug\link.8556-cvtres.write.1.tlog
C:\Users\nilesh\Documents\Visual Studio 2010\Projects\IsLand\snake_ladder\Debug\link.8836.read.1.tlog
C:\Users\nilesh\Documents\Visual Studio 2010\Projects\IsLand\snake_ladder\Debug\link.8836.write.1.tlog
C:\Users\nilesh\Documents\Visual Studio 2010\Projects\IsLand\snake_ladder\Debug\link.8836-cvtres.read.1.tlog
C:\Users\nilesh\Documents\Visual Studio 2010\Projects\IsLand\snake_ladder\Debug\link.8836-cvtres.write.1.tlog
C:\Users\nilesh\Documents\Visual Studio 2010\Projects\IsLand\snake_ladder\Debug\link.9072.read.1.tlog
C:\Users\nilesh\Documents\Visual Studio 2010\Projects\IsLand\snake_ladder\Debug\link.9072.write.1.tlog
C:\Users\nilesh\Documents\Visual Studio 2010\Projects\IsLand\snake_ladder\Debug\link.9072-cvtres.read.1.tlog
C:\Users\nilesh\Documents\Visual Studio 2010\Projects\IsLand\snake_ladder\Debug\link.9072-cvtres.write.1.tlog
C:\Users\nilesh\Documents\Visual Studio 2010\Projects\IsLand\snake_ladder\Debug\link.9096.read.1.tlog
C:\Users\nilesh\Documents\Visual Studio 2010\Projects\IsLand\snake_ladder\Debug\link.9096.write.1.tlog
C:\Users\nilesh\Documents\Visual Studio 2010\Projects\IsLand\snake_ladder\Debug\link.9096-cvtres.read.1.tlog
C:\Users\nilesh\Documents\Visual Studio 2010\Projects\IsLand\snake_ladder\Debug\link.9096-cvtres.write.1.tlog
C:\Users\nilesh\Documents\Visual Studio 2010\Projects\IsLand\snake_ladder\Debug\link.command.1.tlog
C:\Users\nilesh\Documents\Visual Studio 2010\Projects\IsLand\snake_ladder\Debug\link.read.1.tlog
C:\Users\nilesh\Documents\Visual Studio 2010\Projects\IsLand\snake_ladder\Debug\link.write.1.tlog
C:\Users\nilesh\Documents\Visual Studio 2010\Projects\IsLand\snake_ladder\Debug\metagen.read.1.tlog
C:\Users\nilesh\Documents\Visual Studio 2010\Projects\IsLand\snake_ladder\Debug\metagen.write.1.tlog
C:\Users\nilesh\Documents\Visual Studio 2010\Projects\IsLand\snake_ladder\Debug\mt.command.1.tlog
C:\Users\nilesh\Documents\Visual Studio 2010\Projects\IsLand\snake_ladder\Debug\mt.read.1.tlog
C:\Users\nilesh\Documents\Visual Studio 2010\Projects\IsLand\snake_ladder\Debug\mt.write.1.tlog
C:\Users\nilesh\Documents\Visual Studio 2010\Projects\IsLand\snake_ladder\Debug\rc.command.1.tlog
C:\Users\nilesh\Documents\Visual Studio 2010\Projects\IsLand\snake_ladder\Debug\rc.read.1.tlog
C:\Users\nilesh\Documents\Visual Studio 2010\Projects\IsLand\snake_ladder\Debug\rc.write.1.tlog
C:\Users\nilesh\Documents\Visual Studio 2010\Projects\IsLand\snake_ladder\Debug\RSAENH.DLL.bi
C:\USERS\NILESH\DOCUMENTS\VISUAL STUDIO 2010\PROJECTS\ISLAND\SNAKE_LADDER\DEBUG\SNAKE.OBJ
C:\USERS\NILESH\DOCUMENTS\VISUAL STUDIO 2010\PROJECTS\ISLAND\SNAKE_LADDER\DEBUG\SNAKE_LADDER.EXE.INTERMEDIATE.MANIFEST
C:\USERS\NILESH\DOCUMENTS\VISUAL STUDIO 2010\PROJECTS\ISLAND\SNAKE_LADDER\DEBUG\SNAKE_LADDER.OBJ
C:\USERS\NILESH\DOCUMENTS\VISUAL STUDIO 2010\PROJECTS\ISLAND\SNAKE_LADDER\DEBUG\SNAKE_LADDER.PCH
C:\Users\nilesh\Documents\Visual Studio 2010\Projects\IsLand\snake_ladder\Debug\snake_ladder.vcxprojResolveAssemblyReference.cache
C:\Users\nilesh\Documents\Visual Studio 2010\Projects\IsLand\snake_ladder\Debug\snake_ladder.write.1.tlog
C:\USERS\NILESH\DOCUMENTS\VISUAL STUDIO 2010\PROJECTS\ISLAND\SNAKE_LADDER\DEBUG\STDAFX.OBJ
C:\Users\nilesh\Documents\Visual Studio 2010\Projects\IsLand\snake_ladder\Debug\TZRES.DLL.bi
C:\USERS\NILESH\DOCUMENTS\VISUAL STUDIO 2010\PROJECTS\ISLAND\SNAKE_LADDER\DEBUG\VC100.PDB
