C:\USERS\NILESH\DOCUMENTS\VISUAL STUDIO 2010\PROJECTS\ISLAND\DEBUG\RUNNINGPRACTICE22JUNEADV.EXE
C:\USERS\NILESH\DOCUMENTS\VISUAL STUDIO 2010\PROJECTS\ISLAND\DEBUG\RUNNINGPRACTICE22JUNEADV.ILK
C:\USERS\NILESH\DOCUMENTS\VISUAL STUDIO 2010\PROJECTS\ISLAND\DEBUG\RUNNINGPRACTICE22JUNEADV.PDB
C:\Users\nilesh\Documents\Visual Studio 2010\Projects\IsLand\RunningPractice22JuneAdv\Debug\cl.command.1.tlog
C:\Users\nilesh\Documents\Visual Studio 2010\Projects\IsLand\RunningPractice22JuneAdv\Debug\CL.read.1.tlog
C:\Users\nilesh\Documents\Visual Studio 2010\Projects\IsLand\RunningPractice22JuneAdv\Debug\CL.write.1.tlog
C:\Users\nilesh\Documents\Visual Studio 2010\Projects\IsLand\RunningPractice22JuneAdv\Debug\link.4696.read.1.tlog
C:\Users\nilesh\Documents\Visual Studio 2010\Projects\IsLand\RunningPractice22JuneAdv\Debug\link.4696.write.1.tlog
C:\Users\nilesh\Documents\Visual Studio 2010\Projects\IsLand\RunningPractice22JuneAdv\Debug\link.4696-cvtres.read.1.tlog
C:\Users\nilesh\Documents\Visual Studio 2010\Projects\IsLand\RunningPractice22JuneAdv\Debug\link.4696-cvtres.write.1.tlog
C:\Users\nilesh\Documents\Visual Studio 2010\Projects\IsLand\RunningPractice22JuneAdv\Debug\link.command.1.tlog
C:\Users\nilesh\Documents\Visual Studio 2010\Projects\IsLand\RunningPractice22JuneAdv\Debug\link.read.1.tlog
C:\Users\nilesh\Documents\Visual Studio 2010\Projects\IsLand\RunningPractice22JuneAdv\Debug\link.write.1.tlog
C:\Users\nilesh\Documents\Visual Studio 2010\Projects\IsLand\RunningPractice22JuneAdv\Debug\link-cvtres.read.1.tlog
C:\Users\nilesh\Documents\Visual Studio 2010\Projects\IsLand\RunningPractice22JuneAdv\Debug\link-cvtres.write.1.tlog
C:\Users\nilesh\Documents\Visual Studio 2010\Projects\IsLand\RunningPractice22JuneAdv\Debug\mt.command.1.tlog
C:\Users\nilesh\Documents\Visual Studio 2010\Projects\IsLand\RunningPractice22JuneAdv\Debug\mt.read.1.tlog
C:\Users\nilesh\Documents\Visual Studio 2010\Projects\IsLand\RunningPractice22JuneAdv\Debug\mt.write.1.tlog
C:\Users\nilesh\Documents\Visual Studio 2010\Projects\IsLand\RunningPractice22JuneAdv\Debug\rc.command.1.tlog
C:\Users\nilesh\Documents\Visual Studio 2010\Projects\IsLand\RunningPractice22JuneAdv\Debug\rc.read.1.tlog
C:\Users\nilesh\Documents\Visual Studio 2010\Projects\IsLand\RunningPractice22JuneAdv\Debug\rc.write.1.tlog
C:\USERS\NILESH\DOCUMENTS\VISUAL STUDIO 2010\PROJECTS\ISLAND\RUNNINGPRACTICE22JUNEADV\DEBUG\RUNNINGPRACTICE22JUNEADV.EXE.EMBED.MANIFEST
C:\USERS\NILESH\DOCUMENTS\VISUAL STUDIO 2010\PROJECTS\ISLAND\RUNNINGPRACTICE22JUNEADV\DEBUG\RUNNINGPRACTICE22JUNEADV.EXE.EMBED.MANIFEST.RES
C:\USERS\NILESH\DOCUMENTS\VISUAL STUDIO 2010\PROJECTS\ISLAND\RUNNINGPRACTICE22JUNEADV\DEBUG\RUNNINGPRACTICE22JUNEADV.EXE.INTERMEDIATE.MANIFEST
C:\USERS\NILESH\DOCUMENTS\VISUAL STUDIO 2010\PROJECTS\ISLAND\RUNNINGPRACTICE22JUNEADV\DEBUG\RUNNINGPRACTICE22JUNEADV.OBJ
C:\USERS\NILESH\DOCUMENTS\VISUAL STUDIO 2010\PROJECTS\ISLAND\RUNNINGPRACTICE22JUNEADV\DEBUG\RUNNINGPRACTICE22JUNEADV.PCH
C:\Users\nilesh\Documents\Visual Studio 2010\Projects\IsLand\RunningPractice22JuneAdv\Debug\RunningPractice22JuneAdv.write.1.tlog
C:\Users\nilesh\Documents\Visual Studio 2010\Projects\IsLand\RunningPractice22JuneAdv\Debug\RunningPractice22JuneAdv_manifest.rc
C:\USERS\NILESH\DOCUMENTS\VISUAL STUDIO 2010\PROJECTS\ISLAND\RUNNINGPRACTICE22JUNEADV\DEBUG\STDAFX.OBJ
C:\Users\nilesh\Documents\Visual Studio 2010\Projects\IsLand\RunningPractice22JuneAdv\Debug\vc100.idb
C:\USERS\NILESH\DOCUMENTS\VISUAL STUDIO 2010\PROJECTS\ISLAND\RUNNINGPRACTICE22JUNEADV\DEBUG\VC100.PDB
