C:\USERS\NILESH\DOCUMENTS\VISUAL STUDIO 2010\PROJECTS\ISLAND\DEBUG\KNIGHT_ADV.EXE
C:\USERS\NILESH\DOCUMENTS\VISUAL STUDIO 2010\PROJECTS\ISLAND\DEBUG\KNIGHT_ADV.ILK
C:\USERS\NILESH\DOCUMENTS\VISUAL STUDIO 2010\PROJECTS\ISLAND\DEBUG\KNIGHT_ADV.PDB
C:\USERS\NILESH\DOCUMENTS\VISUAL STUDIO 2010\PROJECTS\ISLAND\KNIGHT_ADV\DEBUG\.NETFRAMEWORK,VERSION=V4.0.ASSEMBLYATTRIBUTES.OBJ
C:\USERS\NILESH\DOCUMENTS\VISUAL STUDIO 2010\PROJECTS\ISLAND\KNIGHT_ADV\DEBUG\APP.RES
C:\USERS\NILESH\DOCUMENTS\VISUAL STUDIO 2010\PROJECTS\ISLAND\KNIGHT_ADV\DEBUG\ASSEMBLYINFO.OBJ
C:\Users\nilesh\Documents\Visual Studio 2010\Projects\IsLand\Knight_adv\Debug\cl.command.1.tlog
C:\Users\nilesh\Documents\Visual Studio 2010\Projects\IsLand\Knight_adv\Debug\CL.read.1.tlog
C:\Users\nilesh\Documents\Visual Studio 2010\Projects\IsLand\Knight_adv\Debug\CL.write.1.tlog
C:\USERS\NILESH\DOCUMENTS\VISUAL STUDIO 2010\PROJECTS\ISLAND\KNIGHT_ADV\DEBUG\KNIGHT_ADV.EXE.INTERMEDIATE.MANIFEST
C:\Users\nilesh\Documents\Visual Studio 2010\Projects\IsLand\Knight_adv\Debug\Knight_adv.obj
C:\USERS\NILESH\DOCUMENTS\VISUAL STUDIO 2010\PROJECTS\ISLAND\KNIGHT_ADV\DEBUG\KNIGHT_ADV.PCH
C:\Users\nilesh\Documents\Visual Studio 2010\Projects\IsLand\Knight_adv\Debug\Knight_adv.vcxprojResolveAssemblyReference.cache
C:\Users\nilesh\Documents\Visual Studio 2010\Projects\IsLand\Knight_adv\Debug\Knight_adv.write.1.tlog
C:\Users\nilesh\Documents\Visual Studio 2010\Projects\IsLand\Knight_adv\Debug\link.2016.read.1.tlog
C:\Users\nilesh\Documents\Visual Studio 2010\Projects\IsLand\Knight_adv\Debug\link.2016.write.1.tlog
C:\Users\nilesh\Documents\Visual Studio 2010\Projects\IsLand\Knight_adv\Debug\link.2016-cvtres.read.1.tlog
C:\Users\nilesh\Documents\Visual Studio 2010\Projects\IsLand\Knight_adv\Debug\link.2016-cvtres.write.1.tlog
C:\Users\nilesh\Documents\Visual Studio 2010\Projects\IsLand\Knight_adv\Debug\link.2964.read.1.tlog
C:\Users\nilesh\Documents\Visual Studio 2010\Projects\IsLand\Knight_adv\Debug\link.2964.write.1.tlog
C:\Users\nilesh\Documents\Visual Studio 2010\Projects\IsLand\Knight_adv\Debug\link.2964-cvtres.read.1.tlog
C:\Users\nilesh\Documents\Visual Studio 2010\Projects\IsLand\Knight_adv\Debug\link.2964-cvtres.write.1.tlog
C:\Users\nilesh\Documents\Visual Studio 2010\Projects\IsLand\Knight_adv\Debug\link.6344.read.1.tlog
C:\Users\nilesh\Documents\Visual Studio 2010\Projects\IsLand\Knight_adv\Debug\link.6344.write.1.tlog
C:\Users\nilesh\Documents\Visual Studio 2010\Projects\IsLand\Knight_adv\Debug\link.6344-cvtres.read.1.tlog
C:\Users\nilesh\Documents\Visual Studio 2010\Projects\IsLand\Knight_adv\Debug\link.6344-cvtres.write.1.tlog
C:\Users\nilesh\Documents\Visual Studio 2010\Projects\IsLand\Knight_adv\Debug\link.6960.read.1.tlog
C:\Users\nilesh\Documents\Visual Studio 2010\Projects\IsLand\Knight_adv\Debug\link.6960.write.1.tlog
C:\Users\nilesh\Documents\Visual Studio 2010\Projects\IsLand\Knight_adv\Debug\link.6960-cvtres.read.1.tlog
C:\Users\nilesh\Documents\Visual Studio 2010\Projects\IsLand\Knight_adv\Debug\link.6960-cvtres.write.1.tlog
C:\Users\nilesh\Documents\Visual Studio 2010\Projects\IsLand\Knight_adv\Debug\link.command.1.tlog
C:\Users\nilesh\Documents\Visual Studio 2010\Projects\IsLand\Knight_adv\Debug\link.read.1.tlog
C:\Users\nilesh\Documents\Visual Studio 2010\Projects\IsLand\Knight_adv\Debug\link.write.1.tlog
C:\Users\nilesh\Documents\Visual Studio 2010\Projects\IsLand\Knight_adv\Debug\metagen.read.1.tlog
C:\Users\nilesh\Documents\Visual Studio 2010\Projects\IsLand\Knight_adv\Debug\metagen.write.1.tlog
C:\Users\nilesh\Documents\Visual Studio 2010\Projects\IsLand\Knight_adv\Debug\mt.command.1.tlog
C:\Users\nilesh\Documents\Visual Studio 2010\Projects\IsLand\Knight_adv\Debug\mt.read.1.tlog
C:\Users\nilesh\Documents\Visual Studio 2010\Projects\IsLand\Knight_adv\Debug\mt.write.1.tlog
C:\Users\nilesh\Documents\Visual Studio 2010\Projects\IsLand\Knight_adv\Debug\rc.command.1.tlog
C:\Users\nilesh\Documents\Visual Studio 2010\Projects\IsLand\Knight_adv\Debug\rc.read.1.tlog
C:\Users\nilesh\Documents\Visual Studio 2010\Projects\IsLand\Knight_adv\Debug\rc.write.1.tlog
C:\Users\nilesh\Documents\Visual Studio 2010\Projects\IsLand\Knight_adv\Debug\RSAENH.DLL.bi
C:\USERS\NILESH\DOCUMENTS\VISUAL STUDIO 2010\PROJECTS\ISLAND\KNIGHT_ADV\DEBUG\STDAFX.OBJ
C:\Users\nilesh\Documents\Visual Studio 2010\Projects\IsLand\Knight_adv\Debug\TZRES.DLL.bi
C:\USERS\NILESH\DOCUMENTS\VISUAL STUDIO 2010\PROJECTS\ISLAND\KNIGHT_ADV\DEBUG\VC100.PDB
