C:\USERS\NILESH\DOCUMENTS\VISUAL STUDIO 2010\PROJECTS\ISLAND\DEBUG\KNIGHT.EXE
C:\USERS\NILESH\DOCUMENTS\VISUAL STUDIO 2010\PROJECTS\ISLAND\DEBUG\KNIGHT.ILK
C:\USERS\NILESH\DOCUMENTS\VISUAL STUDIO 2010\PROJECTS\ISLAND\DEBUG\KNIGHT.PDB
C:\USERS\NILESH\DOCUMENTS\VISUAL STUDIO 2010\PROJECTS\ISLAND\KNIGHT\DEBUG\.NETFRAMEWORK,VERSION=V4.0.ASSEMBLYATTRIBUTES.OBJ
C:\USERS\NILESH\DOCUMENTS\VISUAL STUDIO 2010\PROJECTS\ISLAND\KNIGHT\DEBUG\APP.RES
C:\USERS\NILESH\DOCUMENTS\VISUAL STUDIO 2010\PROJECTS\ISLAND\KNIGHT\DEBUG\ASSEMBLYINFO.OBJ
C:\Users\nilesh\Documents\Visual Studio 2010\Projects\IsLand\Knight\Debug\cl.command.1.tlog
C:\Users\nilesh\Documents\Visual Studio 2010\Projects\IsLand\Knight\Debug\CL.read.1.tlog
C:\Users\nilesh\Documents\Visual Studio 2010\Projects\IsLand\Knight\Debug\CL.write.1.tlog
C:\USERS\NILESH\DOCUMENTS\VISUAL STUDIO 2010\PROJECTS\ISLAND\KNIGHT\DEBUG\KNIGHT.EXE.INTERMEDIATE.MANIFEST
C:\USERS\NILESH\DOCUMENTS\VISUAL STUDIO 2010\PROJECTS\ISLAND\KNIGHT\DEBUG\KNIGHT.OBJ
C:\USERS\NILESH\DOCUMENTS\VISUAL STUDIO 2010\PROJECTS\ISLAND\KNIGHT\DEBUG\KNIGHT.PCH
C:\Users\nilesh\Documents\Visual Studio 2010\Projects\IsLand\Knight\Debug\Knight.vcxprojResolveAssemblyReference.cache
C:\Users\nilesh\Documents\Visual Studio 2010\Projects\IsLand\Knight\Debug\Knight.write.1.tlog
C:\Users\nilesh\Documents\Visual Studio 2010\Projects\IsLand\Knight\Debug\link.1188.read.1.tlog
C:\Users\nilesh\Documents\Visual Studio 2010\Projects\IsLand\Knight\Debug\link.1188.write.1.tlog
C:\Users\nilesh\Documents\Visual Studio 2010\Projects\IsLand\Knight\Debug\link.1188-cvtres.read.1.tlog
C:\Users\nilesh\Documents\Visual Studio 2010\Projects\IsLand\Knight\Debug\link.1188-cvtres.write.1.tlog
C:\Users\nilesh\Documents\Visual Studio 2010\Projects\IsLand\Knight\Debug\link.3100.read.1.tlog
C:\Users\nilesh\Documents\Visual Studio 2010\Projects\IsLand\Knight\Debug\link.3100.write.1.tlog
C:\Users\nilesh\Documents\Visual Studio 2010\Projects\IsLand\Knight\Debug\link.3100-cvtres.read.1.tlog
C:\Users\nilesh\Documents\Visual Studio 2010\Projects\IsLand\Knight\Debug\link.3100-cvtres.write.1.tlog
C:\Users\nilesh\Documents\Visual Studio 2010\Projects\IsLand\Knight\Debug\link.3264.read.1.tlog
C:\Users\nilesh\Documents\Visual Studio 2010\Projects\IsLand\Knight\Debug\link.3264.write.1.tlog
C:\Users\nilesh\Documents\Visual Studio 2010\Projects\IsLand\Knight\Debug\link.3264-cvtres.read.1.tlog
C:\Users\nilesh\Documents\Visual Studio 2010\Projects\IsLand\Knight\Debug\link.3264-cvtres.write.1.tlog
C:\Users\nilesh\Documents\Visual Studio 2010\Projects\IsLand\Knight\Debug\link.5364.read.1.tlog
C:\Users\nilesh\Documents\Visual Studio 2010\Projects\IsLand\Knight\Debug\link.5364.write.1.tlog
C:\Users\nilesh\Documents\Visual Studio 2010\Projects\IsLand\Knight\Debug\link.5364-cvtres.read.1.tlog
C:\Users\nilesh\Documents\Visual Studio 2010\Projects\IsLand\Knight\Debug\link.5364-cvtres.write.1.tlog
C:\Users\nilesh\Documents\Visual Studio 2010\Projects\IsLand\Knight\Debug\link.5396.read.1.tlog
C:\Users\nilesh\Documents\Visual Studio 2010\Projects\IsLand\Knight\Debug\link.5396.write.1.tlog
C:\Users\nilesh\Documents\Visual Studio 2010\Projects\IsLand\Knight\Debug\link.5396-cvtres.read.1.tlog
C:\Users\nilesh\Documents\Visual Studio 2010\Projects\IsLand\Knight\Debug\link.5396-cvtres.write.1.tlog
C:\Users\nilesh\Documents\Visual Studio 2010\Projects\IsLand\Knight\Debug\link.5756.read.1.tlog
C:\Users\nilesh\Documents\Visual Studio 2010\Projects\IsLand\Knight\Debug\link.5756.write.1.tlog
C:\Users\nilesh\Documents\Visual Studio 2010\Projects\IsLand\Knight\Debug\link.5756-cvtres.read.1.tlog
C:\Users\nilesh\Documents\Visual Studio 2010\Projects\IsLand\Knight\Debug\link.5756-cvtres.write.1.tlog
C:\Users\nilesh\Documents\Visual Studio 2010\Projects\IsLand\Knight\Debug\link.6028.read.1.tlog
C:\Users\nilesh\Documents\Visual Studio 2010\Projects\IsLand\Knight\Debug\link.6028.write.1.tlog
C:\Users\nilesh\Documents\Visual Studio 2010\Projects\IsLand\Knight\Debug\link.6028-cvtres.read.1.tlog
C:\Users\nilesh\Documents\Visual Studio 2010\Projects\IsLand\Knight\Debug\link.6028-cvtres.write.1.tlog
C:\Users\nilesh\Documents\Visual Studio 2010\Projects\IsLand\Knight\Debug\link.command.1.tlog
C:\Users\nilesh\Documents\Visual Studio 2010\Projects\IsLand\Knight\Debug\link.read.1.tlog
C:\Users\nilesh\Documents\Visual Studio 2010\Projects\IsLand\Knight\Debug\link.write.1.tlog
C:\Users\nilesh\Documents\Visual Studio 2010\Projects\IsLand\Knight\Debug\metagen.read.1.tlog
C:\Users\nilesh\Documents\Visual Studio 2010\Projects\IsLand\Knight\Debug\metagen.write.1.tlog
C:\Users\nilesh\Documents\Visual Studio 2010\Projects\IsLand\Knight\Debug\mt.command.1.tlog
C:\Users\nilesh\Documents\Visual Studio 2010\Projects\IsLand\Knight\Debug\mt.read.1.tlog
C:\Users\nilesh\Documents\Visual Studio 2010\Projects\IsLand\Knight\Debug\mt.write.1.tlog
C:\Users\nilesh\Documents\Visual Studio 2010\Projects\IsLand\Knight\Debug\rc.command.1.tlog
C:\Users\nilesh\Documents\Visual Studio 2010\Projects\IsLand\Knight\Debug\rc.read.1.tlog
C:\Users\nilesh\Documents\Visual Studio 2010\Projects\IsLand\Knight\Debug\rc.write.1.tlog
C:\Users\nilesh\Documents\Visual Studio 2010\Projects\IsLand\Knight\Debug\RSAENH.DLL.bi
C:\USERS\NILESH\DOCUMENTS\VISUAL STUDIO 2010\PROJECTS\ISLAND\KNIGHT\DEBUG\STDAFX.OBJ
C:\Users\nilesh\Documents\Visual Studio 2010\Projects\IsLand\Knight\Debug\TZRES.DLL.bi
C:\USERS\NILESH\DOCUMENTS\VISUAL STUDIO 2010\PROJECTS\ISLAND\KNIGHT\DEBUG\VC100.PDB
