Build started 1/30/2016 9:12:33 PM.
     1>Project "c:\Users\nilesh\documents\visual studio 2010\Projects\Boggle\Boggle\Boggle.vcxproj" on node 2 (build target(s)).
     1>InitializeBuildStatus:
         Creating "Debug\Boggle.unsuccessfulbuild" because "AlwaysCreate" was specified.
       GenerateTargetFrameworkMonikerAttribute:
       Skipping target "GenerateTargetFrameworkMonikerAttribute" because all output files are up-to-date with respect to the input files.
       ClCompile:
         All outputs are up-to-date.
         c:\Program Files (x86)\Microsoft Visual Studio 10.0\VC\bin\CL.exe /c /AI"C:\Program Files (x86)\Reference Assemblies\Microsoft\Framework\.NETFramework\v4.0" /Zi /clr /nologo /W3 /WX- /Od /Oy- /D WIN32 /D _DEBUG /D _UNICODE /D UNICODE /EHa /MDd /GS /fp:precise /Zc:wchar_t /Zc:forScope /Yu"StdAfx.h" /Fp"Debug\Boggle.pch" /Fo"Debug\\" /Fd"Debug\vc100.pdb" /TP /FU"C:\Program Files (x86)\Reference Assemblies\Microsoft\Framework\.NETFramework\v4.0\System.Core.dll" /FU"C:\Program Files (x86)\Reference Assemblies\Microsoft\Framework\.NETFramework\v4.0\System.Data.dll" /FU"C:\Program Files (x86)\Reference Assemblies\Microsoft\Framework\.NETFramework\v4.0\System.dll" /FU"C:\Program Files (x86)\Reference Assemblies\Microsoft\Framework\.NETFramework\v4.0\System.Xml.dll" /analyze- /errorReport:prompt Boggle.cpp /clr:nostdlib 
         Boggle.cpp
         All outputs are up-to-date.
       ResourceCompile:
         All outputs are up-to-date.
       Link:
         c:\Program Files (x86)\Microsoft Visual Studio 10.0\VC\bin\link.exe /ERRORREPORT:PROMPT /OUT:"c:\users\nilesh\documents\visual studio 2010\Projects\Boggle\Debug\Boggle.exe" /INCREMENTAL /NOLOGO /MANIFEST /ManifestFile:"Debug\Boggle.exe.intermediate.manifest" /MANIFESTUAC:"level='asInvoker' uiAccess='false'" /DEBUG /PDB:"c:\users\nilesh\documents\visual studio 2010\Projects\Boggle\Debug\Boggle.pdb" /ASSEMBLYDEBUG /TLBID:1 /DYNAMICBASE /FIXED:NO /NXCOMPAT /MACHINE:X86 Debug\app.res
         Debug\AssemblyInfo.obj
         Debug\Boggle.obj
         Debug\stdafx.obj
         "Debug\.NETFramework,Version=v4.0.AssemblyAttributes.obj"
         Boggle.vcxproj -> c:\users\nilesh\documents\visual studio 2010\Projects\Boggle\Debug\Boggle.exe
       Manifest:
         C:\Program Files (x86)\Microsoft SDKs\Windows\v7.0A\bin\mt.exe /nologo /verbose /outputresource:"c:\users\nilesh\documents\visual studio 2010\Projects\Boggle\Debug\Boggle.exe;#1" /manifest Debug\Boggle.exe.intermediate.manifest
       FinalizeBuildStatus:
         Deleting file "Debug\Boggle.unsuccessfulbuild".
         Touching "Debug\Boggle.lastbuildstate".
     1>Done Building Project "c:\Users\nilesh\documents\visual studio 2010\Projects\Boggle\Boggle\Boggle.vcxproj" (build target(s)).

Build succeeded.

Time Elapsed 00:00:02.39
