Build started 5/28/2016 9:23:42 AM.
     1>Project "C:\Users\nilesh\Documents\Visual Studio 2010\Projects\IsLand\Missing_no_arr\Missing_no_arr.vcxproj" on node 2 (build target(s)).
     1>InitializeBuildStatus:
         Creating "Debug\Missing_no_arr.unsuccessfulbuild" because "AlwaysCreate" was specified.
       ClCompile:
         All outputs are up-to-date.
         c:\Program Files (x86)\Microsoft Visual Studio 10.0\VC\bin\CL.exe /c /ZI /nologo /W3 /WX- /Od /Oy- /D WIN32 /D _DEBUG /D _CONSOLE /D _UNICODE /D UNICODE /Gm /EHsc /RTC1 /MDd /GS /fp:precise /Zc:wchar_t /Zc:forScope /Yu"StdAfx.h" /Fp"Debug\Missing_no_arr.pch" /Fo"Debug\\" /Fd"Debug\vc100.pdb" /Gd /TP /analyze- /errorReport:prompt Missing_no_arr.cpp
         Missing_no_arr.cpp
     1>c:\users\nilesh\documents\visual studio 2010\projects\island\missing_no_arr\missing_no_arr.cpp(51): warning C4715: 'find' : not all control paths return a value
       ManifestResourceCompile:
         All outputs are up-to-date.
       Link:
         c:\Program Files (x86)\Microsoft Visual Studio 10.0\VC\bin\link.exe /ERRORREPORT:PROMPT /OUT:"C:\Users\nilesh\Documents\Visual Studio 2010\Projects\IsLand\Debug\Missing_no_arr.exe" /INCREMENTAL /NOLOGO kernel32.lib user32.lib gdi32.lib winspool.lib comdlg32.lib advapi32.lib shell32.lib ole32.lib oleaut32.lib uuid.lib odbc32.lib odbccp32.lib /MANIFEST /ManifestFile:"Debug\Missing_no_arr.exe.intermediate.manifest" /MANIFESTUAC:"level='asInvoker' uiAccess='false'" /DEBUG /PDB:"C:\Users\nilesh\Documents\Visual Studio 2010\Projects\IsLand\Debug\Missing_no_arr.pdb" /SUBSYSTEM:CONSOLE /TLBID:1 /DYNAMICBASE /NXCOMPAT /IMPLIB:"C:\Users\nilesh\Documents\Visual Studio 2010\Projects\IsLand\Debug\Missing_no_arr.lib" /MACHINE:X86 Debug\Missing_no_arr.exe.embed.manifest.res
         Debug\Missing_no_arr.obj
         Debug\stdafx.obj
       Manifest:
         C:\Program Files (x86)\Microsoft SDKs\Windows\v7.0A\bin\mt.exe /nologo /verbose /out:"Debug\Missing_no_arr.exe.embed.manifest" /manifest Debug\Missing_no_arr.exe.intermediate.manifest
         All outputs are up-to-date.
       LinkEmbedManifest:
         All outputs are up-to-date.
         Missing_no_arr.vcxproj -> C:\Users\nilesh\Documents\Visual Studio 2010\Projects\IsLand\Debug\Missing_no_arr.exe
       FinalizeBuildStatus:
         Deleting file "Debug\Missing_no_arr.unsuccessfulbuild".
         Touching "Debug\Missing_no_arr.lastbuildstate".
     1>Done Building Project "C:\Users\nilesh\Documents\Visual Studio 2010\Projects\IsLand\Missing_no_arr\Missing_no_arr.vcxproj" (build target(s)).

Build succeeded.

Time Elapsed 00:00:01.04
