C:\USERS\NILESH\DOCUMENTS\VISUAL STUDIO 2010\PROJECTS\ISLAND\DEBUG\N_QUEENS.EXE
C:\USERS\NILESH\DOCUMENTS\VISUAL STUDIO 2010\PROJECTS\ISLAND\DEBUG\N_QUEENS.ILK
C:\USERS\NILESH\DOCUMENTS\VISUAL STUDIO 2010\PROJECTS\ISLAND\DEBUG\N_QUEENS.PDB
C:\Users\nilesh\Documents\Visual Studio 2010\Projects\IsLand\N_Queens\Debug\cl.command.1.tlog
C:\Users\nilesh\Documents\Visual Studio 2010\Projects\IsLand\N_Queens\Debug\CL.read.1.tlog
C:\Users\nilesh\Documents\Visual Studio 2010\Projects\IsLand\N_Queens\Debug\CL.write.1.tlog
C:\Users\nilesh\Documents\Visual Studio 2010\Projects\IsLand\N_Queens\Debug\link.2624.read.1.tlog
C:\Users\nilesh\Documents\Visual Studio 2010\Projects\IsLand\N_Queens\Debug\link.2624.write.1.tlog
C:\Users\nilesh\Documents\Visual Studio 2010\Projects\IsLand\N_Queens\Debug\link.2624-cvtres.read.1.tlog
C:\Users\nilesh\Documents\Visual Studio 2010\Projects\IsLand\N_Queens\Debug\link.2624-cvtres.write.1.tlog
C:\Users\nilesh\Documents\Visual Studio 2010\Projects\IsLand\N_Queens\Debug\link.command.1.tlog
C:\Users\nilesh\Documents\Visual Studio 2010\Projects\IsLand\N_Queens\Debug\link.read.1.tlog
C:\Users\nilesh\Documents\Visual Studio 2010\Projects\IsLand\N_Queens\Debug\link.write.1.tlog
C:\Users\nilesh\Documents\Visual Studio 2010\Projects\IsLand\N_Queens\Debug\link-cvtres.read.1.tlog
C:\Users\nilesh\Documents\Visual Studio 2010\Projects\IsLand\N_Queens\Debug\link-cvtres.write.1.tlog
C:\Users\nilesh\Documents\Visual Studio 2010\Projects\IsLand\N_Queens\Debug\mt.command.1.tlog
C:\Users\nilesh\Documents\Visual Studio 2010\Projects\IsLand\N_Queens\Debug\mt.read.1.tlog
C:\Users\nilesh\Documents\Visual Studio 2010\Projects\IsLand\N_Queens\Debug\mt.write.1.tlog
C:\USERS\NILESH\DOCUMENTS\VISUAL STUDIO 2010\PROJECTS\ISLAND\N_QUEENS\DEBUG\N_QUEENS.EXE.EMBED.MANIFEST
C:\USERS\NILESH\DOCUMENTS\VISUAL STUDIO 2010\PROJECTS\ISLAND\N_QUEENS\DEBUG\N_QUEENS.EXE.EMBED.MANIFEST.RES
C:\USERS\NILESH\DOCUMENTS\VISUAL STUDIO 2010\PROJECTS\ISLAND\N_QUEENS\DEBUG\N_QUEENS.EXE.INTERMEDIATE.MANIFEST
C:\USERS\NILESH\DOCUMENTS\VISUAL STUDIO 2010\PROJECTS\ISLAND\N_QUEENS\DEBUG\N_QUEENS.OBJ
C:\USERS\NILESH\DOCUMENTS\VISUAL STUDIO 2010\PROJECTS\ISLAND\N_QUEENS\DEBUG\N_QUEENS.PCH
C:\Users\nilesh\Documents\Visual Studio 2010\Projects\IsLand\N_Queens\Debug\N_Queens.vcxprojResolveAssemblyReference.cache
C:\Users\nilesh\Documents\Visual Studio 2010\Projects\IsLand\N_Queens\Debug\N_Queens.write.1.tlog
C:\Users\nilesh\Documents\Visual Studio 2010\Projects\IsLand\N_Queens\Debug\N_Queens_manifest.rc
C:\Users\nilesh\Documents\Visual Studio 2010\Projects\IsLand\N_Queens\Debug\rc.command.1.tlog
C:\Users\nilesh\Documents\Visual Studio 2010\Projects\IsLand\N_Queens\Debug\rc.read.1.tlog
C:\Users\nilesh\Documents\Visual Studio 2010\Projects\IsLand\N_Queens\Debug\rc.write.1.tlog
C:\USERS\NILESH\DOCUMENTS\VISUAL STUDIO 2010\PROJECTS\ISLAND\N_QUEENS\DEBUG\STDAFX.OBJ
C:\Users\nilesh\Documents\Visual Studio 2010\Projects\IsLand\N_Queens\Debug\vc100.idb
C:\USERS\NILESH\DOCUMENTS\VISUAL STUDIO 2010\PROJECTS\ISLAND\N_QUEENS\DEBUG\VC100.PDB
