C:\USERS\NILESH\DOCUMENTS\VISUAL STUDIO 2010\PROJECTS\RESOURCEDLL\DEBUG\RESEARCHES.DLL
C:\USERS\NILESH\DOCUMENTS\VISUAL STUDIO 2010\PROJECTS\RESOURCEDLL\DEBUG\RESEARCHES.ILK
C:\USERS\NILESH\DOCUMENTS\VISUAL STUDIO 2010\PROJECTS\RESOURCEDLL\DEBUG\RESEARCHES.PDB
C:\Users\nilesh\Documents\Visual Studio 2010\Projects\ResourceDLL\Researches\Debug\link.5124.read.1.tlog
C:\Users\nilesh\Documents\Visual Studio 2010\Projects\ResourceDLL\Researches\Debug\link.5124.write.1.tlog
C:\Users\nilesh\Documents\Visual Studio 2010\Projects\ResourceDLL\Researches\Debug\link.5124-cvtres.read.1.tlog
C:\Users\nilesh\Documents\Visual Studio 2010\Projects\ResourceDLL\Researches\Debug\link.5124-cvtres.write.1.tlog
C:\Users\nilesh\Documents\Visual Studio 2010\Projects\ResourceDLL\Researches\Debug\link.command.1.tlog
C:\Users\nilesh\Documents\Visual Studio 2010\Projects\ResourceDLL\Researches\Debug\link.read.1.tlog
C:\Users\nilesh\Documents\Visual Studio 2010\Projects\ResourceDLL\Researches\Debug\link.write.1.tlog
C:\Users\nilesh\Documents\Visual Studio 2010\Projects\ResourceDLL\Researches\Debug\link-cvtres.read.1.tlog
C:\Users\nilesh\Documents\Visual Studio 2010\Projects\ResourceDLL\Researches\Debug\link-cvtres.write.1.tlog
C:\Users\nilesh\Documents\Visual Studio 2010\Projects\ResourceDLL\Researches\Debug\mt.command.1.tlog
C:\Users\nilesh\Documents\Visual Studio 2010\Projects\ResourceDLL\Researches\Debug\mt.read.1.tlog
C:\Users\nilesh\Documents\Visual Studio 2010\Projects\ResourceDLL\Researches\Debug\mt.write.1.tlog
C:\Users\nilesh\Documents\Visual Studio 2010\Projects\ResourceDLL\Researches\Debug\rc.command.1.tlog
C:\Users\nilesh\Documents\Visual Studio 2010\Projects\ResourceDLL\Researches\Debug\rc.read.1.tlog
C:\Users\nilesh\Documents\Visual Studio 2010\Projects\ResourceDLL\Researches\Debug\rc.write.1.tlog
C:\USERS\NILESH\DOCUMENTS\VISUAL STUDIO 2010\PROJECTS\RESOURCEDLL\RESEARCHES\DEBUG\RESEARCHES.DLL.EMBED.MANIFEST
C:\USERS\NILESH\DOCUMENTS\VISUAL STUDIO 2010\PROJECTS\RESOURCEDLL\RESEARCHES\DEBUG\RESEARCHES.DLL.EMBED.MANIFEST.RES
C:\USERS\NILESH\DOCUMENTS\VISUAL STUDIO 2010\PROJECTS\RESOURCEDLL\RESEARCHES\DEBUG\RESEARCHES.DLL.INTERMEDIATE.MANIFEST
C:\USERS\NILESH\DOCUMENTS\VISUAL STUDIO 2010\PROJECTS\RESOURCEDLL\RESEARCHES\DEBUG\RESEARCHES.RES
C:\Users\nilesh\Documents\Visual Studio 2010\Projects\ResourceDLL\Researches\Debug\Researches.vcxprojResolveAssemblyReference.cache
C:\Users\nilesh\Documents\Visual Studio 2010\Projects\ResourceDLL\Researches\Debug\Researches.write.1.tlog
C:\Users\nilesh\Documents\Visual Studio 2010\Projects\ResourceDLL\Researches\Debug\Researches_manifest.rc
