Build started 3/26/2016 11:15:46 PM.
     1>Project "C:\Users\nilesh\Documents\Visual Studio 2010\Projects\ResourceDLL\Researches\Researches.vcxproj" on node 2 (rebuild target(s)).
     1>_PrepareForClean:
         Deleting file "Debug\Researches.lastbuildstate".
       InitializeBuildStatus:
         Creating "Debug\Researches.unsuccessfulbuild" because "AlwaysCreate" was specified.
       ResourceCompile:
         C:\Program Files (x86)\Microsoft SDKs\Windows\v7.0A\bin\rc.exe /D _UNICODE /D UNICODE /l"0x0409" /nologo /fo"Debug\Researches.res" Researches.rc 
       ManifestResourceCompile:
         C:\Program Files (x86)\Microsoft SDKs\Windows\v7.0A\bin\rc.exe /nologo /fo"Debug\Researches.dll.embed.manifest.res" Debug\Researches_manifest.rc 
       Link:
         c:\Program Files (x86)\Microsoft Visual Studio 10.0\VC\bin\link.exe /ERRORREPORT:PROMPT /OUT:"C:\Users\nilesh\Documents\Visual Studio 2010\Projects\ResourceDLL\Debug\Researches.dll" /INCREMENTAL /NOLOGO kernel32.lib user32.lib gdi32.lib winspool.lib comdlg32.lib advapi32.lib shell32.lib ole32.lib oleaut32.lib uuid.lib odbc32.lib odbccp32.lib /MANIFEST /ManifestFile:"Debug\Researches.dll.intermediate.manifest" /MANIFESTUAC:"level='asInvoker' uiAccess='false'" /DEBUG /PDB:"C:\Users\nilesh\Documents\Visual Studio 2010\Projects\ResourceDLL\Debug\Researches.pdb" /SUBSYSTEM:WINDOWS /TLBID:1 /NOENTRY /DYNAMICBASE /NXCOMPAT /IMPLIB:"C:\Users\nilesh\Documents\Visual Studio 2010\Projects\ResourceDLL\Debug\Researches.lib" /MACHINE:X86 /DLL Debug\Researches.res
         Debug\Researches.dll.embed.manifest.res /n 
     1>LINK : warning LNK4044: unrecognized option '/n'; ignored
       Manifest:
         Deleting file "Debug\Researches.dll.embed.manifest".
         C:\Program Files (x86)\Microsoft SDKs\Windows\v7.0A\bin\mt.exe /nologo /verbose /out:"Debug\Researches.dll.embed.manifest" /manifest Debug\Researches.dll.intermediate.manifest
         C:\Program Files (x86)\Microsoft SDKs\Windows\v7.0A\bin\rc.exe /nologo /fo"Debug\Researches.dll.embed.manifest.res" Debug\Researches_manifest.rc 
       LinkEmbedManifest:
         c:\Program Files (x86)\Microsoft Visual Studio 10.0\VC\bin\link.exe /ERRORREPORT:PROMPT /OUT:"C:\Users\nilesh\Documents\Visual Studio 2010\Projects\ResourceDLL\Debug\Researches.dll" /INCREMENTAL /NOLOGO kernel32.lib user32.lib gdi32.lib winspool.lib comdlg32.lib advapi32.lib shell32.lib ole32.lib oleaut32.lib uuid.lib odbc32.lib odbccp32.lib /MANIFEST /ManifestFile:"Debug\Researches.dll.intermediate.manifest" /MANIFESTUAC:"level='asInvoker' uiAccess='false'" /DEBUG /PDB:"C:\Users\nilesh\Documents\Visual Studio 2010\Projects\ResourceDLL\Debug\Researches.pdb" /SUBSYSTEM:WINDOWS /TLBID:1 /NOENTRY /DYNAMICBASE /NXCOMPAT /IMPLIB:"C:\Users\nilesh\Documents\Visual Studio 2010\Projects\ResourceDLL\Debug\Researches.lib" /MACHINE:X86 /DLL Debug\Researches.res
         Debug\Researches.dll.embed.manifest.res /n 
     1>LINK : warning LNK4044: unrecognized option '/n'; ignored
     1>LINK : warning LNK4044: unrecognized option '/n'; ignored
         Researches.vcxproj -> C:\Users\nilesh\Documents\Visual Studio 2010\Projects\ResourceDLL\Debug\Researches.dll
       FinalizeBuildStatus:
         Deleting file "Debug\Researches.unsuccessfulbuild".
         Touching "Debug\Researches.lastbuildstate".
     1>Done Building Project "C:\Users\nilesh\Documents\Visual Studio 2010\Projects\ResourceDLL\Researches\Researches.vcxproj" (rebuild target(s)).

Build succeeded.

Time Elapsed 00:00:05.75
