Build started 10/17/2016 11:32:53 PM.
     1>Project "C:\Users\nilesh\Documents\Visual Studio 2010\Projects\IsLand\NimGame\NimGame.vcxproj" on node 2 (build target(s)).
     1>InitializeBuildStatus:
         Creating "Debug\NimGame.unsuccessfulbuild" because "AlwaysCreate" was specified.
       ClCompile:
         c:\Program Files (x86)\Microsoft Visual Studio 10.0\VC\bin\CL.exe /c /ZI /nologo /W3 /WX- /Od /Oy- /D WIN32 /D _DEBUG /D _CONSOLE /D _UNICODE /D UNICODE /Gm /EHsc /RTC1 /MDd /GS /fp:precise /Zc:wchar_t /Zc:forScope /Yc"StdAfx.h" /Fp"Debug\NimGame.pch" /Fo"Debug\\" /Fd"Debug\vc100.pdb" /Gd /TP /analyze- /errorReport:prompt stdafx.cpp
         stdafx.cpp
         c:\Program Files (x86)\Microsoft Visual Studio 10.0\VC\bin\CL.exe /c /ZI /nologo /W3 /WX- /Od /Oy- /D WIN32 /D _DEBUG /D _CONSOLE /D _UNICODE /D UNICODE /Gm /EHsc /RTC1 /MDd /GS /fp:precise /Zc:wchar_t /Zc:forScope /Yu"StdAfx.h" /Fp"Debug\NimGame.pch" /Fo"Debug\\" /Fd"Debug\vc100.pdb" /Gd /TP /analyze- /errorReport:prompt NimGame.cpp
         NimGame.cpp
       ManifestResourceCompile:
         C:\Program Files (x86)\Microsoft SDKs\Windows\v7.0A\bin\rc.exe /nologo /fo"Debug\NimGame.exe.embed.manifest.res" Debug\NimGame_manifest.rc 
       Link:
         c:\Program Files (x86)\Microsoft Visual Studio 10.0\VC\bin\link.exe /ERRORREPORT:PROMPT /OUT:"C:\Users\nilesh\Documents\Visual Studio 2010\Projects\IsLand\Debug\NimGame.exe" /INCREMENTAL /NOLOGO kernel32.lib user32.lib gdi32.lib winspool.lib comdlg32.lib advapi32.lib shell32.lib ole32.lib oleaut32.lib uuid.lib odbc32.lib odbccp32.lib /MANIFEST /ManifestFile:"Debug\NimGame.exe.intermediate.manifest" /MANIFESTUAC:"level='asInvoker' uiAccess='false'" /DEBUG /PDB:"C:\Users\nilesh\Documents\Visual Studio 2010\Projects\IsLand\Debug\NimGame.pdb" /SUBSYSTEM:CONSOLE /TLBID:1 /DYNAMICBASE /NXCOMPAT /IMPLIB:"C:\Users\nilesh\Documents\Visual Studio 2010\Projects\IsLand\Debug\NimGame.lib" /MACHINE:X86 Debug\NimGame.exe.embed.manifest.res
         Debug\NimGame.obj
         Debug\stdafx.obj
       Manifest:
         C:\Program Files (x86)\Microsoft SDKs\Windows\v7.0A\bin\mt.exe /nologo /verbose /out:"Debug\NimGame.exe.embed.manifest" /manifest Debug\NimGame.exe.intermediate.manifest
         C:\Program Files (x86)\Microsoft SDKs\Windows\v7.0A\bin\rc.exe /nologo /fo"Debug\NimGame.exe.embed.manifest.res" Debug\NimGame_manifest.rc 
       LinkEmbedManifest:
         c:\Program Files (x86)\Microsoft Visual Studio 10.0\VC\bin\link.exe /ERRORREPORT:PROMPT /OUT:"C:\Users\nilesh\Documents\Visual Studio 2010\Projects\IsLand\Debug\NimGame.exe" /INCREMENTAL /NOLOGO kernel32.lib user32.lib gdi32.lib winspool.lib comdlg32.lib advapi32.lib shell32.lib ole32.lib oleaut32.lib uuid.lib odbc32.lib odbccp32.lib /MANIFEST /ManifestFile:"Debug\NimGame.exe.intermediate.manifest" /MANIFESTUAC:"level='asInvoker' uiAccess='false'" /DEBUG /PDB:"C:\Users\nilesh\Documents\Visual Studio 2010\Projects\IsLand\Debug\NimGame.pdb" /SUBSYSTEM:CONSOLE /TLBID:1 /DYNAMICBASE /NXCOMPAT /IMPLIB:"C:\Users\nilesh\Documents\Visual Studio 2010\Projects\IsLand\Debug\NimGame.lib" /MACHINE:X86 Debug\NimGame.exe.embed.manifest.res
         Debug\NimGame.obj
         Debug\stdafx.obj
         NimGame.vcxproj -> C:\Users\nilesh\Documents\Visual Studio 2010\Projects\IsLand\Debug\NimGame.exe
       FinalizeBuildStatus:
         Deleting file "Debug\NimGame.unsuccessfulbuild".
         Touching "Debug\NimGame.lastbuildstate".
     1>Done Building Project "C:\Users\nilesh\Documents\Visual Studio 2010\Projects\IsLand\NimGame\NimGame.vcxproj" (build target(s)).

Build succeeded.

Time Elapsed 00:00:06.15
