Build started 4/6/2016 12:24:07 AM.
     1>Project "C:\Users\nilesh\Documents\Visual Studio 2010\Projects\IsLand\Min_Platfrom\Min_Platfrom.vcxproj" on node 2 (build target(s)).
     1>InitializeBuildStatus:
         Creating "Debug\Min_Platfrom.unsuccessfulbuild" because "AlwaysCreate" was specified.
       ClCompile:
         All outputs are up-to-date.
         c:\Program Files (x86)\Microsoft Visual Studio 10.0\VC\bin\CL.exe /c /ZI /nologo /W3 /WX- /Od /Oy- /D WIN32 /D _DEBUG /D _CONSOLE /D _UNICODE /D UNICODE /Gm /EHsc /RTC1 /MDd /GS /fp:precise /Zc:wchar_t /Zc:forScope /Yu"StdAfx.h" /Fp"Debug\Min_Platfrom.pch" /Fo"Debug\\" /Fd"Debug\vc100.pdb" /Gd /TP /analyze- /errorReport:prompt Min_Platfrom.cpp
         Min_Platfrom.cpp
     1>c:\users\nilesh\documents\visual studio 2010\projects\island\min_platfrom\min_platfrom.cpp(60): warning C4715: 'form_tree' : not all control paths return a value
       ManifestResourceCompile:
         All outputs are up-to-date.
       Link:
         c:\Program Files (x86)\Microsoft Visual Studio 10.0\VC\bin\link.exe /ERRORREPORT:PROMPT /OUT:"C:\Users\nilesh\Documents\Visual Studio 2010\Projects\IsLand\Debug\Min_Platfrom.exe" /INCREMENTAL /NOLOGO kernel32.lib user32.lib gdi32.lib winspool.lib comdlg32.lib advapi32.lib shell32.lib ole32.lib oleaut32.lib uuid.lib odbc32.lib odbccp32.lib /MANIFEST /ManifestFile:"Debug\Min_Platfrom.exe.intermediate.manifest" /MANIFESTUAC:"level='asInvoker' uiAccess='false'" /DEBUG /PDB:"C:\Users\nilesh\Documents\Visual Studio 2010\Projects\IsLand\Debug\Min_Platfrom.pdb" /SUBSYSTEM:CONSOLE /TLBID:1 /DYNAMICBASE /NXCOMPAT /IMPLIB:"C:\Users\nilesh\Documents\Visual Studio 2010\Projects\IsLand\Debug\Min_Platfrom.lib" /MACHINE:X86 Debug\Min_Platfrom.exe.embed.manifest.res
         Debug\Min_Platfrom.obj
         Debug\stdafx.obj
       Manifest:
         C:\Program Files (x86)\Microsoft SDKs\Windows\v7.0A\bin\mt.exe /nologo /verbose /out:"Debug\Min_Platfrom.exe.embed.manifest" /manifest Debug\Min_Platfrom.exe.intermediate.manifest
         All outputs are up-to-date.
       LinkEmbedManifest:
         All outputs are up-to-date.
         Min_Platfrom.vcxproj -> C:\Users\nilesh\Documents\Visual Studio 2010\Projects\IsLand\Debug\Min_Platfrom.exe
       FinalizeBuildStatus:
         Deleting file "Debug\Min_Platfrom.unsuccessfulbuild".
         Touching "Debug\Min_Platfrom.lastbuildstate".
     1>Done Building Project "C:\Users\nilesh\Documents\Visual Studio 2010\Projects\IsLand\Min_Platfrom\Min_Platfrom.vcxproj" (build target(s)).

Build succeeded.

Time Elapsed 00:00:01.61
