d:\2018_projects\prof_src\c++practice\x64\debug\c++practice.pch
d:\2018_projects\prof_src\c++practice\x64\debug\vc142.pdb
d:\2018_projects\prof_src\c++practice\x64\debug\vc142.idb
d:\2018_projects\prof_src\c++practice\x64\debug\stdafx.obj
d:\2018_projects\prof_src\c++practice\x64\debug\template.obj
d:\2018_projects\prof_src\c++practice\x64\debug\priorityqueue.obj
d:\2018_projects\prof_src\c++practice\x64\debug\multimap.obj
d:\2018_projects\prof_src\c++practice\x64\debug\fun_overloading.obj
d:\2018_projects\prof_src\c++practice\x64\debug\c++practice.obj
d:\2018_projects\prof_src\c++practice\x64\debug\constinc.obj
d:\2018_projects\prof_src\x64\debug\c++practice.pdb
d:\2018_projects\prof_src\c++practice\x64\debug\c++practice.tlog\cl.command.1.tlog
d:\2018_projects\prof_src\c++practice\x64\debug\c++practice.tlog\cl.read.1.tlog
d:\2018_projects\prof_src\c++practice\x64\debug\c++practice.tlog\cl.write.1.tlog
d:\2018_projects\prof_src\c++practice\x64\debug\c++practice.tlog\link-cvtres.read.1.tlog
d:\2018_projects\prof_src\c++practice\x64\debug\c++practice.tlog\link-cvtres.write.1.tlog
d:\2018_projects\prof_src\c++practice\x64\debug\c++practice.tlog\link-rc.read.1.tlog
d:\2018_projects\prof_src\c++practice\x64\debug\c++practice.tlog\link-rc.write.1.tlog
d:\2018_projects\prof_src\c++practice\x64\debug\c++practice.tlog\link.command.1.tlog
d:\2018_projects\prof_src\c++practice\x64\debug\c++practice.tlog\link.read.1.tlog
d:\2018_projects\prof_src\c++practice\x64\debug\c++practice.tlog\link.write.1.tlog
