Build started 9/25/2017 10:56:20 PM.
     1>Project "c:\Users\nilesh\documents\visual studio 2010\Projects\DataSt\DataSt\DataSt.vcxproj" on node 2 (build target(s)).
     1>InitializeBuildStatus:
         Creating "Debug\DataSt.unsuccessfulbuild" because "AlwaysCreate" was specified.
       ClCompile:
         All outputs are up-to-date.
         c:\Program Files (x86)\Microsoft Visual Studio 10.0\VC\bin\CL.exe /c /ZI /nologo /W3 /WX- /Od /Oy- /D WIN32 /D _DEBUG /D _CONSOLE /D _UNICODE /D UNICODE /Gm /EHsc /RTC1 /MDd /GS /fp:precise /Zc:wchar_t /Zc:forScope /Yu"StdAfx.h" /Fp"Debug\DataSt.pch" /Fo"Debug\\" /Fd"Debug\vc100.pdb" /Gd /TP /analyze- /errorReport:prompt DataSt.cpp
         DataSt.cpp
     1>c:\users\nilesh\documents\visual studio 2010\projects\datast\datast\datast.cpp(40): warning C4715: 'insert' : not all control paths return a value
       ManifestResourceCompile:
         All outputs are up-to-date.
       Link:
         c:\Program Files (x86)\Microsoft Visual Studio 10.0\VC\bin\link.exe /ERRORREPORT:PROMPT /OUT:"c:\users\nilesh\documents\visual studio 2010\Projects\DataSt\Debug\DataSt.exe" /INCREMENTAL /NOLOGO kernel32.lib user32.lib gdi32.lib winspool.lib comdlg32.lib advapi32.lib shell32.lib ole32.lib oleaut32.lib uuid.lib odbc32.lib odbccp32.lib /MANIFEST /ManifestFile:"Debug\DataSt.exe.intermediate.manifest" /MANIFESTUAC:"level='asInvoker' uiAccess='false'" /DEBUG /PDB:"c:\users\nilesh\documents\visual studio 2010\Projects\DataSt\Debug\DataSt.pdb" /SUBSYSTEM:CONSOLE /TLBID:1 /DYNAMICBASE /NXCOMPAT /IMPLIB:"c:\users\nilesh\documents\visual studio 2010\Projects\DataSt\Debug\DataSt.lib" /MACHINE:X86 Debug\DataSt.exe.embed.manifest.res
         Debug\DataSt.obj
         Debug\stdafx.obj
       Manifest:
         C:\Program Files (x86)\Microsoft SDKs\Windows\v7.0A\bin\mt.exe /nologo /verbose /out:"Debug\DataSt.exe.embed.manifest" /manifest Debug\DataSt.exe.intermediate.manifest
         All outputs are up-to-date.
       LinkEmbedManifest:
         All outputs are up-to-date.
         DataSt.vcxproj -> c:\users\nilesh\documents\visual studio 2010\Projects\DataSt\Debug\DataSt.exe
       FinalizeBuildStatus:
         Deleting file "Debug\DataSt.unsuccessfulbuild".
         Touching "Debug\DataSt.lastbuildstate".
     1>Done Building Project "c:\Users\nilesh\documents\visual studio 2010\Projects\DataSt\DataSt\DataSt.vcxproj" (build target(s)).

Build succeeded.

Time Elapsed 00:00:01.69
