Build started 1/19/2016 9:30:54 AM.
     1>Project "c:\Users\nilesh\documents\visual studio 2010\Projects\Graph.cpp\Graph.cpp\Graph.cpp.vcxproj" on node 2 (build target(s)).
     1>InitializeBuildStatus:
         Creating "Debug\Graph.cpp.unsuccessfulbuild" because "AlwaysCreate" was specified.
       GenerateTargetFrameworkMonikerAttribute:
       Skipping target "GenerateTargetFrameworkMonikerAttribute" because all output files are up-to-date with respect to the input files.
       ClCompile:
         All outputs are up-to-date.
         c:\Program Files (x86)\Microsoft Visual Studio 10.0\VC\bin\CL.exe /c /AI"C:\Program Files (x86)\Reference Assemblies\Microsoft\Framework\.NETFramework\v4.0" /Zi /clr /nologo /W3 /WX- /Od /Oy- /D WIN32 /D _DEBUG /D _UNICODE /D UNICODE /EHa /MDd /GS /fp:precise /Zc:wchar_t /Zc:forScope /Yu"StdAfx.h" /Fp"Debug\Graph.cpp.pch" /Fo"Debug\\" /Fd"Debug\vc100.pdb" /TP /FU"C:\Program Files (x86)\Reference Assemblies\Microsoft\Framework\.NETFramework\v4.0\System.Core.dll" /FU"C:\Program Files (x86)\Reference Assemblies\Microsoft\Framework\.NETFramework\v4.0\System.Data.dll" /FU"C:\Program Files (x86)\Reference Assemblies\Microsoft\Framework\.NETFramework\v4.0\System.dll" /FU"C:\Program Files (x86)\Reference Assemblies\Microsoft\Framework\.NETFramework\v4.0\System.Xml.dll" /analyze- /errorReport:prompt Graph.cpp.cpp /clr:nostdlib 
         Graph.cpp.cpp
     1>Graph.cpp.cpp(44): warning C4101: 'i' : unreferenced local variable
         All outputs are up-to-date.
       ResourceCompile:
         All outputs are up-to-date.
       Link:
         c:\Program Files (x86)\Microsoft Visual Studio 10.0\VC\bin\link.exe /ERRORREPORT:PROMPT /OUT:"c:\users\nilesh\documents\visual studio 2010\Projects\Graph.cpp\Debug\Graph.cpp.exe" /INCREMENTAL /NOLOGO /MANIFEST /ManifestFile:"Debug\Graph.cpp.exe.intermediate.manifest" /MANIFESTUAC:"level='asInvoker' uiAccess='false'" /DEBUG /PDB:"c:\users\nilesh\documents\visual studio 2010\Projects\Graph.cpp\Debug\Graph.cpp.pdb" /ASSEMBLYDEBUG /TLBID:1 /DYNAMICBASE /FIXED:NO /NXCOMPAT /MACHINE:X86 Debug\app.res
         Debug\AssemblyInfo.obj
         Debug\Graph.cpp.obj
         Debug\stdafx.obj
         "Debug\.NETFramework,Version=v4.0.AssemblyAttributes.obj"
         Graph.cpp.vcxproj -> c:\users\nilesh\documents\visual studio 2010\Projects\Graph.cpp\Debug\Graph.cpp.exe
       Manifest:
         C:\Program Files (x86)\Microsoft SDKs\Windows\v7.0A\bin\mt.exe /nologo /verbose /outputresource:"c:\users\nilesh\documents\visual studio 2010\Projects\Graph.cpp\Debug\Graph.cpp.exe;#1" /manifest Debug\Graph.cpp.exe.intermediate.manifest
       FinalizeBuildStatus:
         Deleting file "Debug\Graph.cpp.unsuccessfulbuild".
         Touching "Debug\Graph.cpp.lastbuildstate".
     1>Done Building Project "c:\Users\nilesh\documents\visual studio 2010\Projects\Graph.cpp\Graph.cpp\Graph.cpp.vcxproj" (build target(s)).

Build succeeded.

Time Elapsed 00:00:06.89
