c:\Users\nilesh\documents\visual studio 2010\Projects\Library\Client\Debug\cl.command.1.tlog
c:\Users\nilesh\documents\visual studio 2010\Projects\Library\Client\Debug\CL.read.1.tlog
c:\Users\nilesh\documents\visual studio 2010\Projects\Library\Client\Debug\CL.write.1.tlog
c:\Users\nilesh\documents\visual studio 2010\Projects\Library\Client\Debug\Client.exe.embed.manifest
C:\USERS\NILESH\DOCUMENTS\VISUAL STUDIO 2010\PROJECTS\LIBRARY\CLIENT\DEBUG\CLIENT.EXE.EMBED.MANIFEST.RES
c:\Users\nilesh\documents\visual studio 2010\Projects\Library\Client\Debug\Client.exe.intermediate.manifest
C:\USERS\NILESH\DOCUMENTS\VISUAL STUDIO 2010\PROJECTS\LIBRARY\CLIENT\DEBUG\CLIENT.OBJ
C:\USERS\NILESH\DOCUMENTS\VISUAL STUDIO 2010\PROJECTS\LIBRARY\CLIENT\DEBUG\CLIENT.PCH
c:\Users\nilesh\documents\visual studio 2010\Projects\Library\Client\Debug\Client.write.1.tlog
c:\Users\nilesh\documents\visual studio 2010\Projects\Library\Client\Debug\Client_manifest.rc
c:\Users\nilesh\documents\visual studio 2010\Projects\Library\Client\Debug\link.command.1.tlog
c:\Users\nilesh\documents\visual studio 2010\Projects\Library\Client\Debug\link.read.1.tlog
c:\Users\nilesh\documents\visual studio 2010\Projects\Library\Client\Debug\link.write.1.tlog
c:\Users\nilesh\documents\visual studio 2010\Projects\Library\Client\Debug\link-cvtres.read.1.tlog
c:\Users\nilesh\documents\visual studio 2010\Projects\Library\Client\Debug\link-cvtres.write.1.tlog
c:\Users\nilesh\documents\visual studio 2010\Projects\Library\Client\Debug\rc.command.1.tlog
c:\Users\nilesh\documents\visual studio 2010\Projects\Library\Client\Debug\rc.read.1.tlog
c:\Users\nilesh\documents\visual studio 2010\Projects\Library\Client\Debug\rc.write.1.tlog
C:\USERS\NILESH\DOCUMENTS\VISUAL STUDIO 2010\PROJECTS\LIBRARY\CLIENT\DEBUG\STDAFX.OBJ
c:\Users\nilesh\documents\visual studio 2010\Projects\Library\Client\Debug\vc100.idb
C:\USERS\NILESH\DOCUMENTS\VISUAL STUDIO 2010\PROJECTS\LIBRARY\CLIENT\DEBUG\VC100.PDB
c:\users\nilesh\documents\visual studio 2010\Projects\Library\Debug\Client.pdb
