Build started 10/15/2015 9:01:51 AM.
     1>Project "C:\Users\nilesh\documents\visual studio 2010\Projects\dijkastras\dijkastras\dijkastras.vcxproj" on node 2 (build target(s)).
     1>InitializeBuildStatus:
         Touching "Debug\dijkastras.unsuccessfulbuild".
       ClCompile:
         All outputs are up-to-date.
         C:\Program Files (x86)\Microsoft Visual Studio 10.0\VC\bin\CL.exe /c /ZI /nologo /W3 /WX- /Od /Oy- /D WIN32 /D _DEBUG /D _CONSOLE /D _UNICODE /D UNICODE /Gm /EHsc /RTC1 /MDd /GS /fp:precise /Zc:wchar_t /Zc:forScope /Yu"StdAfx.h" /Fp"Debug\dijkastras.pch" /Fo"Debug\\" /Fd"Debug\vc100.pdb" /Gd /TP /analyze- /errorReport:prompt dijkastras.cpp
         dijkastras.cpp
     1>c:\users\nilesh\documents\visual studio 2010\projects\dijkastras\dijkastras\dijkastras.cpp(32): warning C4101: 'k' : unreferenced local variable
     1>c:\users\nilesh\documents\visual studio 2010\projects\dijkastras\dijkastras\dijkastras.cpp(62): warning C4018: '<' : signed/unsigned mismatch
     1>c:\users\nilesh\documents\visual studio 2010\projects\dijkastras\dijkastras\dijkastras.cpp(64): warning C4018: '<' : signed/unsigned mismatch
       ManifestResourceCompile:
         All outputs are up-to-date.
       Link:
         C:\Program Files (x86)\Microsoft Visual Studio 10.0\VC\bin\link.exe /ERRORREPORT:PROMPT /OUT:"C:\Users\nilesh\documents\visual studio 2010\Projects\dijkastras\Debug\dijkastras.exe" /INCREMENTAL /NOLOGO kernel32.lib user32.lib gdi32.lib winspool.lib comdlg32.lib advapi32.lib shell32.lib ole32.lib oleaut32.lib uuid.lib odbc32.lib odbccp32.lib /MANIFEST /ManifestFile:"Debug\dijkastras.exe.intermediate.manifest" /MANIFESTUAC:"level='asInvoker' uiAccess='false'" /DEBUG /PDB:"C:\Users\nilesh\documents\visual studio 2010\Projects\dijkastras\Debug\dijkastras.pdb" /SUBSYSTEM:CONSOLE /TLBID:1 /DYNAMICBASE /NXCOMPAT /IMPLIB:"C:\Users\nilesh\documents\visual studio 2010\Projects\dijkastras\Debug\dijkastras.lib" /MACHINE:X86 Debug\dijkastras.exe.embed.manifest.res
         Debug\dijkastras.obj
         Debug\stdafx.obj
       Manifest:
         C:\Program Files (x86)\Microsoft SDKs\Windows\v7.0A\bin\mt.exe /nologo /verbose /out:"Debug\dijkastras.exe.embed.manifest" /manifest Debug\dijkastras.exe.intermediate.manifest
         All outputs are up-to-date.
       LinkEmbedManifest:
         All outputs are up-to-date.
         dijkastras.vcxproj -> C:\Users\nilesh\documents\visual studio 2010\Projects\dijkastras\Debug\dijkastras.exe
       FinalizeBuildStatus:
         Deleting file "Debug\dijkastras.unsuccessfulbuild".
         Touching "Debug\dijkastras.lastbuildstate".
     1>Done Building Project "C:\Users\nilesh\documents\visual studio 2010\Projects\dijkastras\dijkastras\dijkastras.vcxproj" (build target(s)).

Build succeeded.

Time Elapsed 00:00:00.99
