C:\USERS\NILESH\DOCUMENTS\VISUAL STUDIO 2010\PROJECTS\ISLAND\DEBUG\GAMEOFSTONES.EXE
C:\USERS\NILESH\DOCUMENTS\VISUAL STUDIO 2010\PROJECTS\ISLAND\DEBUG\GAMEOFSTONES.ILK
C:\USERS\NILESH\DOCUMENTS\VISUAL STUDIO 2010\PROJECTS\ISLAND\DEBUG\GAMEOFSTONES.PDB
C:\Users\nilesh\Documents\Visual Studio 2010\Projects\IsLand\GameofStones\Debug\cl.command.1.tlog
C:\Users\nilesh\Documents\Visual Studio 2010\Projects\IsLand\GameofStones\Debug\CL.read.1.tlog
C:\Users\nilesh\Documents\Visual Studio 2010\Projects\IsLand\GameofStones\Debug\CL.write.1.tlog
C:\USERS\NILESH\DOCUMENTS\VISUAL STUDIO 2010\PROJECTS\ISLAND\GAMEOFSTONES\DEBUG\GAMEOFSTONES.EXE.EMBED.MANIFEST
C:\USERS\NILESH\DOCUMENTS\VISUAL STUDIO 2010\PROJECTS\ISLAND\GAMEOFSTONES\DEBUG\GAMEOFSTONES.EXE.EMBED.MANIFEST.RES
C:\USERS\NILESH\DOCUMENTS\VISUAL STUDIO 2010\PROJECTS\ISLAND\GAMEOFSTONES\DEBUG\GAMEOFSTONES.EXE.INTERMEDIATE.MANIFEST
C:\USERS\NILESH\DOCUMENTS\VISUAL STUDIO 2010\PROJECTS\ISLAND\GAMEOFSTONES\DEBUG\GAMEOFSTONES.OBJ
C:\USERS\NILESH\DOCUMENTS\VISUAL STUDIO 2010\PROJECTS\ISLAND\GAMEOFSTONES\DEBUG\GAMEOFSTONES.PCH
C:\Users\nilesh\Documents\Visual Studio 2010\Projects\IsLand\GameofStones\Debug\GameofStones.vcxprojResolveAssemblyReference.cache
C:\Users\nilesh\Documents\Visual Studio 2010\Projects\IsLand\GameofStones\Debug\GameofStones.write.1.tlog
C:\Users\nilesh\Documents\Visual Studio 2010\Projects\IsLand\GameofStones\Debug\GameofStones_manifest.rc
C:\Users\nilesh\Documents\Visual Studio 2010\Projects\IsLand\GameofStones\Debug\link.7068.read.1.tlog
C:\Users\nilesh\Documents\Visual Studio 2010\Projects\IsLand\GameofStones\Debug\link.7068.write.1.tlog
C:\Users\nilesh\Documents\Visual Studio 2010\Projects\IsLand\GameofStones\Debug\link.7068-cvtres.read.1.tlog
C:\Users\nilesh\Documents\Visual Studio 2010\Projects\IsLand\GameofStones\Debug\link.7068-cvtres.write.1.tlog
C:\Users\nilesh\Documents\Visual Studio 2010\Projects\IsLand\GameofStones\Debug\link.command.1.tlog
C:\Users\nilesh\Documents\Visual Studio 2010\Projects\IsLand\GameofStones\Debug\link.read.1.tlog
C:\Users\nilesh\Documents\Visual Studio 2010\Projects\IsLand\GameofStones\Debug\link.write.1.tlog
C:\Users\nilesh\Documents\Visual Studio 2010\Projects\IsLand\GameofStones\Debug\link-cvtres.read.1.tlog
C:\Users\nilesh\Documents\Visual Studio 2010\Projects\IsLand\GameofStones\Debug\link-cvtres.write.1.tlog
C:\Users\nilesh\Documents\Visual Studio 2010\Projects\IsLand\GameofStones\Debug\mt.command.1.tlog
C:\Users\nilesh\Documents\Visual Studio 2010\Projects\IsLand\GameofStones\Debug\mt.read.1.tlog
C:\Users\nilesh\Documents\Visual Studio 2010\Projects\IsLand\GameofStones\Debug\mt.write.1.tlog
C:\Users\nilesh\Documents\Visual Studio 2010\Projects\IsLand\GameofStones\Debug\rc.command.1.tlog
C:\Users\nilesh\Documents\Visual Studio 2010\Projects\IsLand\GameofStones\Debug\rc.read.1.tlog
C:\Users\nilesh\Documents\Visual Studio 2010\Projects\IsLand\GameofStones\Debug\rc.write.1.tlog
C:\USERS\NILESH\DOCUMENTS\VISUAL STUDIO 2010\PROJECTS\ISLAND\GAMEOFSTONES\DEBUG\STDAFX.OBJ
C:\Users\nilesh\Documents\Visual Studio 2010\Projects\IsLand\GameofStones\Debug\vc100.idb
C:\USERS\NILESH\DOCUMENTS\VISUAL STUDIO 2010\PROJECTS\ISLAND\GAMEOFSTONES\DEBUG\VC100.PDB
